2025-07-24 20:37:50,674 [INFO] [31m[1mWARNING: This is a development server. Do not use it in a production deployment. Use a production WSGI server instead.[0m
 * Running on all addresses (0.0.0.0)
 * Running on http://127.0.0.1:5001
 * Running on http://192.168.1.197:5001
2025-07-24 20:37:50,674 [INFO] [33mPress CTRL+C to quit[0m
2025-07-24 20:37:50,676 [INFO]  * Restarting with stat
2025-07-24 20:37:50,752 [INFO] BASE_URL set to: https://e42e3c678883.ngrok-free.app
2025-07-24 20:37:50,766 [INFO] Applied migration: 001_add_metacritic_to_game.py
2025-07-24 20:37:50,767 [INFO] Applied migration: 002_add_xbox_and_igdb_fields.py
2025-07-24 20:37:50,767 [INFO] Applied migration: 003_add_microsoft_store_id_to_gamepassgame.py
2025-07-24 20:37:50,767 [INFO] Database initialized using Peewee models.
2025-07-24 20:37:50,772 [INFO] Game Pass catalog already populated.
2025-07-24 20:37:50,775 [INFO] logging in using static token
2025-07-24 20:37:50,775 [WARNING] Privileged message content intent is missing, commands may not work as expected.
2025-07-24 20:37:51,056 [WARNING]  * Debugger is active!
2025-07-24 20:37:51,062 [INFO]  * Debugger PIN: 137-579-239
2025-07-24 20:37:52,122 [INFO] Loaded cog: game_commands
2025-07-24 20:37:52,165 [INFO] Loaded cog: game_night_commands
2025-07-24 20:37:52,270 [INFO] Loaded cog: utility_commands
2025-07-24 20:37:52,272 [INFO] Loaded cog: voice_activity
2025-07-24 20:37:52,273 [INFO] Loaded cog: automation_tasks
2025-07-24 20:37:52,584 [INFO] Shard ID None has connected to Gateway (Session ID: 4ec68d5be5548568d813bdbff615d61f).
2025-07-24 20:37:54,592 [INFO] Waiting for bot to be ready before starting voice activity save loop.
2025-07-24 20:37:54,592 [INFO] Waiting for bot to be ready for Xbox achievement sync...
2025-07-24 20:37:54,592 [INFO] Waiting for bot to be ready for daily Game Pass sync...
2025-07-24 20:37:54,593 [INFO] Waiting for bot to be ready for weekly Steam sync...
2025-07-24 20:37:54,593 [INFO] Logged in as Game Night#3086 (ID: 1388686637797736669)
2025-07-24 20:37:54,593 [INFO] Commands synced to guild 1045175103249449000
2025-07-24 20:37:54,593 [INFO] ------
2025-07-24 20:37:54,596 [INFO] Adding job tentatively -- it will be properly scheduled when the scheduler starts
2025-07-24 20:37:54,596 [INFO] Starting weekly Xbox achievement sync...
2025-07-24 20:37:54,597 [INFO] Xbox achievement sync completed.
2025-07-24 20:38:04,599 [INFO] Daily Game Pass sync task started.
2025-07-24 20:38:04,599 [INFO] No users have Game Pass enabled. Skipping daily sync.
2025-07-24 20:38:04,599 [INFO] Starting weekly Steam library sync...
2025-07-24 20:38:04,600 [INFO] Starting fetch_and_store_games_for_all_users...
2025-07-24 20:38:04,600 [INFO] User Cole (Discord ID: 172231382758588417) does not have a Steam ID set.
2025-07-24 20:38:04,600 [INFO] Weekly Steam library sync completed.
2025-07-24 21:15:23,630 [INFO] httpx ClientSession closed.
2025-07-24 21:15:29,672 [ERROR] Attempting a reconnect in 1.01s
Traceback (most recent call last):
  File "C:\Users\ColeS\AppData\Local\Programs\Python\Python313\Lib\site-packages\aiohttp\connector.py", line 1512, in _create_direct_connection
    hosts = await self._resolve_host(host, port, traces=traces)
            ^^^^^^^^^^^^^^^^^^^^^^^^^^^^^^^^^^^^^^^^^^^^^^^^^^^
  File "C:\Users\ColeS\AppData\Local\Programs\Python\Python313\Lib\site-packages\aiohttp\connector.py", line 1128, in _resolve_host
    return await asyncio.shield(resolved_host_task)
           ^^^^^^^^^^^^^^^^^^^^^^^^^^^^^^^^^^^^^^^^
  File "C:\Users\ColeS\AppData\Local\Programs\Python\Python313\Lib\site-packages\aiohttp\connector.py", line 1159, in _resolve_host_with_throttle
    addrs = await self._resolver.resolve(host, port, family=self._family)
            ^^^^^^^^^^^^^^^^^^^^^^^^^^^^^^^^^^^^^^^^^^^^^^^^^^^^^^^^^^^^^
  File "C:\Users\ColeS\AppData\Local\Programs\Python\Python313\Lib\site-packages\aiohttp\resolver.py", line 40, in resolve
    infos = await self._loop.getaddrinfo(
            ^^^^^^^^^^^^^^^^^^^^^^^^^^^^^
    ...<5 lines>...
    )
    ^
  File "C:\Users\ColeS\AppData\Local\Programs\Python\Python313\Lib\asyncio\base_events.py", line 939, in getaddrinfo
    return await self.run_in_executor(
           ^^^^^^^^^^^^^^^^^^^^^^^^^^^
        None, getaddr_func, host, port, family, type, proto, flags)
        ^^^^^^^^^^^^^^^^^^^^^^^^^^^^^^^^^^^^^^^^^^^^^^^^^^^^^^^^^^^
  File "C:\Users\ColeS\AppData\Local\Programs\Python\Python313\Lib\concurrent\futures\thread.py", line 59, in run
    result = self.fn(*self.args, **self.kwargs)
  File "C:\Users\ColeS\AppData\Local\Programs\Python\Python313\Lib\socket.py", line 977, in getaddrinfo
    for res in _socket.getaddrinfo(host, port, family, type, proto, flags):
               ~~~~~~~~~~~~~~~~~~~^^^^^^^^^^^^^^^^^^^^^^^^^^^^^^^^^^^^^^^^
socket.gaierror: [Errno 11001] getaddrinfo failed

The above exception was the direct cause of the following exception:

Traceback (most recent call last):
  File "C:\Users\ColeS\AppData\Local\Programs\Python\Python313\Lib\site-packages\discord\client.py", line 656, in connect
    self.ws = await asyncio.wait_for(coro, timeout=60.0)
              ^^^^^^^^^^^^^^^^^^^^^^^^^^^^^^^^^^^^^^^^^^
  File "C:\Users\ColeS\AppData\Local\Programs\Python\Python313\Lib\asyncio\tasks.py", line 507, in wait_for
    return await fut
           ^^^^^^^^^
  File "C:\Users\ColeS\AppData\Local\Programs\Python\Python313\Lib\site-packages\discord\gateway.py", line 372, in from_client
    socket = await client.http.ws_connect(str(url))
             ^^^^^^^^^^^^^^^^^^^^^^^^^^^^^^^^^^^^^^
  File "C:\Users\ColeS\AppData\Local\Programs\Python\Python313\Lib\site-packages\discord\http.py", line 537, in ws_connect
    return await self.__session.ws_connect(url, **kwargs)
           ^^^^^^^^^^^^^^^^^^^^^^^^^^^^^^^^^^^^^^^^^^^^^^
  File "C:\Users\ColeS\AppData\Local\Programs\Python\Python313\Lib\site-packages\aiohttp\client.py", line 1061, in _ws_connect
    resp = await self.request(
           ^^^^^^^^^^^^^^^^^^^
    ...<11 lines>...
    )
    ^
  File "C:\Users\ColeS\AppData\Local\Programs\Python\Python313\Lib\site-packages\aiohttp\client.py", line 770, in _request
    resp = await handler(req)
           ^^^^^^^^^^^^^^^^^^
  File "C:\Users\ColeS\AppData\Local\Programs\Python\Python313\Lib\site-packages\aiohttp\client.py", line 725, in _connect_and_send_request
    conn = await self._connector.connect(
           ^^^^^^^^^^^^^^^^^^^^^^^^^^^^^^
        req, traces=traces, timeout=real_timeout
        ^^^^^^^^^^^^^^^^^^^^^^^^^^^^^^^^^^^^^^^^
    )
    ^
  File "C:\Users\ColeS\AppData\Local\Programs\Python\Python313\Lib\site-packages\aiohttp\connector.py", line 622, in connect
    proto = await self._create_connection(req, traces, timeout)
            ^^^^^^^^^^^^^^^^^^^^^^^^^^^^^^^^^^^^^^^^^^^^^^^^^^^
  File "C:\Users\ColeS\AppData\Local\Programs\Python\Python313\Lib\site-packages\aiohttp\connector.py", line 1189, in _create_connection
    _, proto = await self._create_direct_connection(req, traces, timeout)
               ^^^^^^^^^^^^^^^^^^^^^^^^^^^^^^^^^^^^^^^^^^^^^^^^^^^^^^^^^^
  File "C:\Users\ColeS\AppData\Local\Programs\Python\Python313\Lib\site-packages\aiohttp\connector.py", line 1518, in _create_direct_connection
    raise ClientConnectorDNSError(req.connection_key, exc) from exc
aiohttp.client_exceptions.ClientConnectorDNSError: Cannot connect to host gateway-us-east1-c.discord.gg:443 ssl:default [getaddrinfo failed]
2025-07-24 21:15:29,728 [INFO] httpx ClientSession closed.
2025-07-24 21:15:30,829 [INFO] Shard ID None has successfully RESUMED session 4ec68d5be5548568d813bdbff615d61f.
2025-07-24 21:46:09,026 [INFO] Voice state update detected for Cole
2025-07-24 21:46:09,026 [INFO] Cole joined voice channel General in Da Boyz
2025-07-24 21:46:09,028 [ERROR] Error sending voice join notification: 'User' object has no attribute 'receive_voice_notifications'
Traceback (most recent call last):
  File "C:\Users\ColeS\Documents\Python_Scripts\Game_Night\bot\cogs\voice_activity.py", line 46, in on_voice_state_update
    if user_db and user_db.receive_voice_notifications:
                   ^^^^^^^^^^^^^^^^^^^^^^^^^^^^^^^^^^^
AttributeError: 'User' object has no attribute 'receive_voice_notifications'
2025-07-24 21:47:54,598 [INFO] Saving 1 voice activity records to DB...
2025-07-24 21:48:39,516 [INFO]  * Detected change in 'C:\\Users\\ColeS\\Documents\\Python_Scripts\\Game_Night\\bot\\cogs\\utility_commands.py', reloading
2025-07-24 21:48:39,560 [INFO]  * Restarting with stat
2025-07-24 21:48:39,990 [WARNING]  * Debugger is active!
2025-07-24 21:48:39,996 [INFO]  * Debugger PIN: 137-579-239
2025-07-24 21:48:44,840 [INFO]  * Detected change in 'C:\\Users\\ColeS\\Documents\\Python_Scripts\\Game_Night\\bot\\main.py', reloading
2025-07-24 21:48:44,884 [INFO]  * Restarting with stat
2025-07-24 21:48:45,281 [WARNING]  * Debugger is active!
2025-07-24 21:48:45,287 [INFO]  * Debugger PIN: 137-579-239
2025-07-24 21:50:43,608 [INFO]  * Detected change in 'C:\\Users\\ColeS\\Documents\\Python_Scripts\\Game_Night\\bot\\cogs\\voice_activity.py', reloading
2025-07-24 21:50:43,649 [INFO]  * Restarting with stat
2025-07-24 21:50:44,045 [WARNING]  * Debugger is active!
2025-07-24 21:50:44,051 [INFO]  * Debugger PIN: 137-579-239
2025-07-24 21:50:59,992 [INFO] Voice state update detected for Cole
2025-07-24 21:50:59,992 [INFO] Cole left voice channel General in Da Boyz
2025-07-24 21:51:01,020 [INFO] Voice state update detected for Cole
2025-07-24 21:51:01,020 [INFO] Cole joined voice channel General in Da Boyz
2025-07-24 21:51:01,020 [ERROR] Error sending voice join notification: 'User' object has no attribute 'receive_voice_notifications'
Traceback (most recent call last):
  File "C:\Users\ColeS\Documents\Python_Scripts\Game_Night\bot\cogs\voice_activity.py", line 46, in on_voice_state_update
    user_db = db_manager.get_user_by_discord_id(str(member.id))
                   ^^^^^^^^^^^^^^^^^^^^^^^^^^^^^^^^^^^
AttributeError: 'User' object has no attribute 'receive_voice_notifications'
2025-07-24 21:52:54,601 [INFO] Saving 2 voice activity records to DB...
2025-07-24 21:52:55,248 [INFO]  * Detected change in 'C:\\Users\\ColeS\\Documents\\Python_Scripts\\Game_Night\\bot\\cogs\\voice_activity.py', reloading
2025-07-24 21:52:55,289 [INFO]  * Restarting with stat
2025-07-24 21:52:55,696 [WARNING]  * Debugger is active!
2025-07-24 21:52:55,701 [INFO]  * Debugger PIN: 137-579-239
2025-07-24 21:53:20,836 [INFO] Voice state update detected for Cole
2025-07-24 21:53:20,837 [INFO] Cole left voice channel General in Da Boyz
2025-07-24 21:53:51,649 [INFO] Voice state update detected for Cole
2025-07-24 21:53:51,649 [INFO] Cole joined voice channel General in Da Boyz
2025-07-24 21:53:51,650 [ERROR] Error sending voice join notification: 'User' object has no attribute 'receive_voice_notifications'
Traceback (most recent call last):
  File "C:\Users\ColeS\Documents\Python_Scripts\Game_Night\bot\cogs\voice_activity.py", line 46, in on_voice_state_update
    db_manager.add_user(str(member.id), member.display_name)
                   ^^^^^^^^^^^^^^^^^^^^^^^^^^^^^^^^^^^
AttributeError: 'User' object has no attribute 'receive_voice_notifications'
2025-07-24 21:54:58,492 [INFO] Voice state update detected for Cole
2025-07-24 21:54:58,493 [INFO] Cole left voice channel General in Da Boyz
2025-07-24 21:55:00,059 [INFO] Voice state update detected for Cole
2025-07-24 21:55:00,059 [INFO] Cole joined voice channel General in Da Boyz
2025-07-24 21:55:00,060 [ERROR] Error sending voice join notification: 'User' object has no attribute 'receive_voice_notifications'
Traceback (most recent call last):
  File "C:\Users\ColeS\Documents\Python_Scripts\Game_Night\bot\cogs\voice_activity.py", line 46, in on_voice_state_update
    db_manager.add_user(str(member.id), member.display_name)
                   ^^^^^^^^^^^^^^^^^^^^^^^^^^^^^^^^^^^
AttributeError: 'User' object has no attribute 'receive_voice_notifications'
2025-07-24 21:56:11,637 [INFO]  * Detected change in 'C:\\Users\\ColeS\\Documents\\Python_Scripts\\Game_Night\\data\\models.py', reloading
2025-07-24 21:56:11,680 [INFO]  * Restarting with stat
2025-07-24 21:56:12,108 [WARNING]  * Debugger is active!
2025-07-24 21:56:12,114 [INFO]  * Debugger PIN: 137-579-239
2025-07-24 21:56:33,126 [INFO]  * Detected change in 'C:\\Users\\ColeS\\Documents\\Python_Scripts\\Game_Night\\bot\\cogs\\voice_activity.py', reloading
2025-07-24 21:56:33,164 [INFO]  * Restarting with stat
2025-07-24 21:56:33,555 [WARNING]  * Debugger is active!
2025-07-24 21:56:33,561 [INFO]  * Debugger PIN: 137-579-239
2025-07-24 21:56:40,226 [INFO] Voice state update detected for Cole
2025-07-24 21:56:40,226 [INFO] Cole left voice channel General in Da Boyz
2025-07-24 21:56:41,822 [INFO] Voice state update detected for Cole
2025-07-24 21:56:41,823 [INFO] Cole joined voice channel General in Da Boyz
2025-07-24 21:56:41,823 [ERROR] Error sending voice join notification: 'User' object has no attribute 'receive_voice_notifications'
Traceback (most recent call last):
  File "C:\Users\ColeS\Documents\Python_Scripts\Game_Night\bot\cogs\voice_activity.py", line 46, in on_voice_state_update
    if not user_db:
    
AttributeError: 'User' object has no attribute 'receive_voice_notifications'
2025-07-24 21:57:22,718 [INFO] Voice state update detected for Cole
2025-07-24 21:57:22,718 [INFO] Cole left voice channel General in Da Boyz
2025-07-24 21:57:24,085 [INFO] Voice state update detected for Cole
2025-07-24 21:57:24,085 [INFO] Cole joined voice channel General in Da Boyz
2025-07-24 21:57:24,086 [ERROR] Error sending voice join notification: 'User' object has no attribute 'receive_voice_notifications'
Traceback (most recent call last):
  File "C:\Users\ColeS\Documents\Python_Scripts\Game_Night\bot\cogs\voice_activity.py", line 46, in on_voice_state_update
    if not user_db:
    
AttributeError: 'User' object has no attribute 'receive_voice_notifications'
2025-07-24 21:57:54,598 [INFO] Saving 8 voice activity records to DB...
2025-07-24 21:58:07,102 [INFO]  * Detected change in 'C:\\Users\\ColeS\\Documents\\Python_Scripts\\Game_Night\\data\\db_manager.py', reloading
2025-07-24 21:58:07,146 [INFO]  * Restarting with stat
2025-07-24 21:58:07,559 [WARNING]  * Debugger is active!
2025-07-24 21:58:07,565 [INFO]  * Debugger PIN: 137-579-239
2025-07-24 21:58:52,863 [INFO]  * Detected change in 'C:\\Users\\ColeS\\Documents\\Python_Scripts\\Game_Night\\bot\\cogs\\voice_activity.py', reloading
2025-07-24 21:58:52,908 [INFO]  * Restarting with stat
2025-07-24 21:58:53,309 [WARNING]  * Debugger is active!
2025-07-24 21:58:53,314 [INFO]  * Debugger PIN: 137-579-239
2025-07-24 21:59:58,691 [INFO] Voice state update detected for Cole
2025-07-24 21:59:58,691 [INFO] Cole left voice channel General in Da Boyz
2025-07-24 22:00:00,255 [INFO] Voice state update detected for Cole
2025-07-24 22:00:00,255 [INFO] Cole joined voice channel General in Da Boyz
2025-07-24 22:00:00,256 [ERROR] Error sending voice join notification: 'User' object has no attribute 'receive_voice_notifications'
Traceback (most recent call last):
  File "C:\Users\ColeS\Documents\Python_Scripts\Game_Night\bot\cogs\voice_activity.py", line 46, in on_voice_state_update
    user_db = db_manager.get_user_by_discord_id(str(member.id))
                   ^^^^^^^^^^^^^^^^^^^^^^^^^^^^^^^^^^^
AttributeError: 'User' object has no attribute 'receive_voice_notifications'
2025-07-24 22:02:37,498 [INFO] Voice state update detected for Cole
2025-07-24 22:02:37,499 [INFO] Cole left voice channel General in Da Boyz
2025-07-24 22:02:38,417 [INFO] Voice state update detected for Cole
2025-07-24 22:02:38,418 [INFO] Cole joined voice channel General in Da Boyz
2025-07-24 22:02:38,419 [ERROR] Error sending voice join notification: 'User' object has no attribute 'receive_voice_notifications'
Traceback (most recent call last):
  File "C:\Users\ColeS\Documents\Python_Scripts\Game_Night\bot\cogs\voice_activity.py", line 46, in on_voice_state_update
    user_db = db_manager.get_user_by_discord_id(str(member.id))
                   ^^^^^^^^^^^^^^^^^^^^^^^^^^^^^^^^^^^
AttributeError: 'User' object has no attribute 'receive_voice_notifications'
2025-07-24 22:02:54,599 [INFO] Saving 4 voice activity records to DB...
2025-07-24 22:04:54,434 [INFO]  * Detected change in 'C:\\Users\\ColeS\\Documents\\Python_Scripts\\Game_Night\\bot\\cogs\\voice_activity.py', reloading
2025-07-24 22:04:54,473 [INFO]  * Restarting with stat
2025-07-24 22:04:54,865 [WARNING]  * Debugger is active!
2025-07-24 22:04:54,871 [INFO]  * Debugger PIN: 137-579-239
2025-07-24 22:04:59,740 [INFO]  * Detected change in 'C:\\Users\\ColeS\\Documents\\Python_Scripts\\Game_Night\\data\\models.py', reloading
2025-07-24 22:04:59,780 [INFO]  * Restarting with stat
2025-07-24 22:05:00,240 [WARNING]  * Debugger is active!
2025-07-24 22:05:00,247 [INFO]  * Debugger PIN: 137-579-239
2025-07-24 22:05:33,657 [INFO] Voice state update detected for Cole
2025-07-24 22:05:33,657 [INFO] Cole left voice channel General in Da Boyz
2025-07-24 22:05:34,420 [INFO] Voice state update detected for Cole
2025-07-24 22:05:34,421 [INFO] Cole joined voice channel General in Da Boyz
2025-07-24 22:05:34,422 [ERROR] Error sending voice join notification: 'User' object has no attribute 'receive_voice_notifications'
Traceback (most recent call last):
  File "C:\Users\ColeS\Documents\Python_Scripts\Game_Night\bot\cogs\voice_activity.py", line 46, in on_voice_state_update
    guild_config = db_manager.get_guild_config(str(member.guild.id))
                   ^^^^^^^^^^^^^^^^^^^^^^^^^^^^^^^^^^^
AttributeError: 'User' object has no attribute 'receive_voice_notifications'
2025-07-24 22:05:37,147 [INFO] Voice state update detected for Cole
2025-07-24 22:05:37,147 [INFO] Cole left voice channel General in Da Boyz
2025-07-24 22:07:54,607 [INFO] Saving 3 voice activity records to DB...
2025-07-24 22:09:24,272 [INFO] Voice state update detected for Cole
2025-07-24 22:09:24,272 [INFO] Cole joined voice channel General in Da Boyz
2025-07-24 22:09:24,273 [ERROR] Error sending voice join notification: 'User' object has no attribute 'receive_voice_notifications'
Traceback (most recent call last):
  File "C:\Users\ColeS\Documents\Python_Scripts\Game_Night\bot\cogs\voice_activity.py", line 46, in on_voice_state_update
    guild_config = db_manager.get_guild_config(str(member.guild.id))
                   ^^^^^^^^^^^^^^^^^^^^^^^^^^^^^^^^^^^
AttributeError: 'User' object has no attribute 'receive_voice_notifications'
2025-07-24 22:09:27,632 [INFO] Voice state update detected for Cole
2025-07-24 22:09:27,633 [INFO] Cole left voice channel General in Da Boyz
2025-07-24 22:09:28,860 [INFO] Voice state update detected for Cole
2025-07-24 22:09:28,860 [INFO] Cole joined voice channel General in Da Boyz
2025-07-24 22:09:28,860 [ERROR] Error sending voice join notification: 'User' object has no attribute 'receive_voice_notifications'
Traceback (most recent call last):
  File "C:\Users\ColeS\Documents\Python_Scripts\Game_Night\bot\cogs\voice_activity.py", line 46, in on_voice_state_update
    guild_config = db_manager.get_guild_config(str(member.guild.id))
                   ^^^^^^^^^^^^^^^^^^^^^^^^^^^^^^^^^^^
AttributeError: 'User' object has no attribute 'receive_voice_notifications'
2025-07-24 22:10:06,613 [INFO] Voice state update detected for Cole
2025-07-24 22:10:06,613 [INFO] Cole left voice channel General in Da Boyz
2025-07-24 22:12:54,599 [INFO] Saving 4 voice activity records to DB...
2025-07-24 22:13:02,882 [INFO]  * Detected change in 'C:\\Users\\ColeS\\Documents\\Python_Scripts\\Game_Night\\data\\models.py', reloading
2025-07-24 22:13:02,958 [INFO]  * Restarting with stat
2025-07-24 22:13:03,551 [WARNING]  * Debugger is active!
2025-07-24 22:13:03,558 [INFO]  * Debugger PIN: 137-579-239
2025-07-24 22:13:29,324 [INFO]  * Detected change in 'C:\\Users\\ColeS\\Documents\\Python_Scripts\\Game_Night\\data\\db_manager.py', reloading
2025-07-24 22:13:29,386 [INFO]  * Restarting with stat
2025-07-24 22:13:29,830 [WARNING]  * Debugger is active!
2025-07-24 22:13:29,836 [INFO]  * Debugger PIN: 137-579-239
2025-07-24 22:13:43,002 [INFO]  * Detected change in 'C:\\Users\\ColeS\\Documents\\Python_Scripts\\Game_Night\\bot\\cogs\\voice_activity.py', reloading
2025-07-24 22:13:43,044 [INFO]  * Restarting with stat
2025-07-24 22:13:43,470 [WARNING]  * Debugger is active!
2025-07-24 22:13:43,476 [INFO]  * Debugger PIN: 137-579-239
2025-07-24 22:13:49,255 [INFO] Voice state update detected for Cole
2025-07-24 22:13:49,255 [INFO] Cole joined voice channel General in Da Boyz
2025-07-24 22:13:49,256 [ERROR] Error sending voice join notification: 'User' object has no attribute 'receive_voice_notifications'
Traceback (most recent call last):
  File "C:\Users\ColeS\Documents\Python_Scripts\Game_Night\bot\cogs\voice_activity.py", line 46, in on_voice_state_update
AttributeError: 'User' object has no attribute 'receive_voice_notifications'
2025-07-24 22:14:00,928 [INFO] Voice state update detected for Cole
2025-07-24 22:14:00,928 [INFO] Cole left voice channel General in Da Boyz
2025-07-24 22:15:56,214 [INFO]  * Detected change in 'C:\\Users\\ColeS\\Documents\\Python_Scripts\\Game_Night\\run_migrations.py', reloading
2025-07-24 22:15:56,265 [INFO]  * Restarting with stat
2025-07-24 22:15:56,709 [WARNING]  * Debugger is active!
2025-07-24 22:15:56,714 [INFO]  * Debugger PIN: 137-579-239
2025-07-24 22:16:39,557 [INFO]  * Detected change in 'C:\\Users\\ColeS\\Documents\\Python_Scripts\\Game_Night\\run_migrations.py', reloading
2025-07-24 22:16:39,600 [INFO]  * Restarting with stat
2025-07-24 22:16:40,037 [WARNING]  * Debugger is active!
2025-07-24 22:16:40,043 [INFO]  * Debugger PIN: 137-579-239
2025-07-24 22:17:16,011 [INFO] [31m[1mWARNING: This is a development server. Do not use it in a production deployment. Use a production WSGI server instead.[0m
 * Running on all addresses (0.0.0.0)
 * Running on http://127.0.0.1:5001
 * Running on http://192.168.1.197:5001
2025-07-24 22:17:16,011 [INFO] [33mPress CTRL+C to quit[0m
2025-07-24 22:17:16,013 [INFO]  * Restarting with stat
2025-07-24 22:17:16,209 [INFO] BASE_URL set to: https://e42e3c678883.ngrok-free.app
2025-07-24 22:17:16,221 [INFO] Applied migration: 001_add_metacritic_to_game.py
2025-07-24 22:17:16,222 [INFO] Applied migration: 002_add_xbox_and_igdb_fields.py
2025-07-24 22:17:16,222 [INFO] Applied migration: 003_add_microsoft_store_id_to_gamepassgame.py
2025-07-24 22:17:16,222 [INFO] Applied migration: 004_add_voice_notifications_to_user.py
2025-07-24 22:17:16,223 [INFO] Database initialized using Peewee models.
2025-07-24 22:17:16,227 [INFO] Game Pass catalog already populated.
2025-07-24 22:17:16,230 [INFO] logging in using static token
2025-07-24 22:17:16,230 [WARNING] Privileged message content intent is missing, commands may not work as expected.
2025-07-24 22:17:16,419 [WARNING]  * Debugger is active!
2025-07-24 22:17:16,424 [INFO]  * Debugger PIN: 137-579-239
2025-07-24 22:17:17,686 [INFO] Loaded cog: automation_tasks
2025-07-24 22:17:17,687 [INFO] Loaded cog: game_commands
2025-07-24 22:17:17,713 [INFO] Loaded cog: game_night_commands
2025-07-24 22:17:17,730 [INFO] Loaded cog: utility_commands
2025-07-24 22:17:17,734 [INFO] Loaded cog: voice_activity
2025-07-24 22:17:18,033 [INFO] Shard ID None has connected to Gateway (Session ID: 8f8405a92eb32065d70ecbcd3ccfdedd).
2025-07-24 22:17:20,043 [INFO] Waiting for bot to be ready for Xbox achievement sync...
2025-07-24 22:17:20,043 [INFO] Waiting for bot to be ready for daily Game Pass sync...
2025-07-24 22:17:20,044 [INFO] Waiting for bot to be ready for weekly Steam sync...
2025-07-24 22:17:20,044 [INFO] Waiting for bot to be ready before starting voice activity save loop.
2025-07-24 22:17:20,044 [INFO] Logged in as Game Night#3086 (ID: 1388686637797736669)
2025-07-24 22:17:20,044 [INFO] Commands synced to guild 1045175103249449000
2025-07-24 22:17:20,044 [INFO] ------
2025-07-24 22:17:20,048 [INFO] Adding job tentatively -- it will be properly scheduled when the scheduler starts
2025-07-24 22:17:20,048 [INFO] Starting weekly Xbox achievement sync...
2025-07-24 22:17:20,048 [INFO] Xbox achievement sync completed.
2025-07-24 22:17:30,052 [INFO] Daily Game Pass sync task started.
2025-07-24 22:17:30,053 [INFO] No users have Game Pass enabled. Skipping daily sync.
2025-07-24 22:17:30,053 [INFO] Starting weekly Steam library sync...
2025-07-24 22:17:30,053 [INFO] Starting fetch_and_store_games_for_all_users...
2025-07-24 22:17:30,054 [INFO] User Cole (Discord ID: 172231382758588417) does not have a Steam ID set.
2025-07-24 22:17:30,054 [INFO] Weekly Steam library sync completed.
2025-07-24 22:17:36,393 [INFO] Voice state update detected for Cole
2025-07-24 22:17:36,393 [INFO] Cole joined voice channel General in Da Boyz
2025-07-24 22:17:36,395 [INFO] No users to notify in this guild.
2025-07-24 22:17:41,644 [INFO] Voice state update detected for Cole
2025-07-24 22:17:41,645 [INFO] Cole left voice channel General in Da Boyz
2025-07-24 22:19:36,756 [INFO]  * Detected change in 'C:\\Users\\ColeS\\Documents\\Python_Scripts\\Game_Night\\bot\\cogs\\voice_activity.py', reloading
2025-07-24 22:19:36,798 [INFO]  * Restarting with stat
2025-07-24 22:19:37,206 [WARNING]  * Debugger is active!
2025-07-24 22:19:37,213 [INFO]  * Debugger PIN: 137-579-239
2025-07-24 22:19:38,684 [INFO]  * Detected change in 'C:\\Users\\ColeS\\Documents\\Python_Scripts\\Game_Night\\bot\\cogs\\voice_activity.py', reloading
2025-07-24 22:19:38,727 [INFO]  * Restarting with stat
2025-07-24 22:19:39,138 [WARNING]  * Debugger is active!
2025-07-24 22:19:39,143 [INFO]  * Debugger PIN: 137-579-239
2025-07-24 22:19:43,787 [INFO] Voice state update detected for Cole
2025-07-24 22:19:43,787 [INFO] Cole joined voice channel General in Da Boyz
2025-07-24 22:19:43,789 [INFO] No users to notify in this guild.
2025-07-24 22:19:53,008 [INFO] Voice state update detected for Cole
2025-07-24 22:19:53,008 [INFO] Cole left voice channel General in Da Boyz
2025-07-24 22:19:57,796 [INFO] [31m[1mWARNING: This is a development server. Do not use it in a production deployment. Use a production WSGI server instead.[0m
 * Running on all addresses (0.0.0.0)
 * Running on http://127.0.0.1:5001
 * Running on http://192.168.1.197:5001
2025-07-24 22:19:57,797 [INFO] [33mPress CTRL+C to quit[0m
2025-07-24 22:19:57,798 [INFO]  * Restarting with stat
2025-07-24 22:19:57,935 [INFO] BASE_URL set to: https://e42e3c678883.ngrok-free.app
2025-07-24 22:19:57,948 [INFO] Applied migration: 001_add_metacritic_to_game.py
2025-07-24 22:19:57,949 [INFO] Applied migration: 002_add_xbox_and_igdb_fields.py
2025-07-24 22:19:57,949 [INFO] Applied migration: 003_add_microsoft_store_id_to_gamepassgame.py
2025-07-24 22:19:57,950 [INFO] Applied migration: 004_add_voice_notifications_to_user.py
2025-07-24 22:19:57,950 [INFO] Database initialized using Peewee models.
2025-07-24 22:19:57,955 [INFO] Game Pass catalog already populated.
2025-07-24 22:19:57,958 [INFO] logging in using static token
2025-07-24 22:19:57,958 [WARNING] Privileged message content intent is missing, commands may not work as expected.
2025-07-24 22:19:58,222 [WARNING]  * Debugger is active!
2025-07-24 22:19:58,228 [INFO]  * Debugger PIN: 137-579-239
2025-07-24 22:19:59,342 [INFO] Loaded cog: automation_tasks
2025-07-24 22:19:59,343 [INFO] Loaded cog: game_commands
2025-07-24 22:19:59,366 [INFO] Loaded cog: game_night_commands
2025-07-24 22:19:59,368 [INFO] Loaded cog: utility_commands
2025-07-24 22:19:59,381 [INFO] Loaded cog: voice_activity
2025-07-24 22:19:59,822 [INFO] Shard ID None has connected to Gateway (Session ID: ff698f53a90835b13118a175b3fb443e).
2025-07-24 22:20:01,830 [INFO] Waiting for bot to be ready for Xbox achievement sync...
2025-07-24 22:20:01,831 [INFO] Waiting for bot to be ready for daily Game Pass sync...
2025-07-24 22:20:01,831 [INFO] Waiting for bot to be ready for weekly Steam sync...
2025-07-24 22:20:01,831 [INFO] Waiting for bot to be ready before starting voice activity save loop.
2025-07-24 22:20:01,832 [INFO] Logged in as Game Night#3086 (ID: 1388686637797736669)
2025-07-24 22:20:01,832 [INFO] Commands synced to guild 1045175103249449000
2025-07-24 22:20:01,832 [INFO] ------
2025-07-24 22:20:01,836 [INFO] Adding job tentatively -- it will be properly scheduled when the scheduler starts
2025-07-24 22:20:01,836 [INFO] Starting weekly Xbox achievement sync...
2025-07-24 22:20:01,837 [INFO] Xbox achievement sync completed.
2025-07-24 22:20:10,528 [INFO] Voice state update detected for Cole
2025-07-24 22:20:10,528 [INFO] Cole joined voice channel General in Da Boyz
2025-07-24 22:20:11,839 [INFO] Daily Game Pass sync task started.
2025-07-24 22:20:11,840 [INFO] No users have Game Pass enabled. Skipping daily sync.
2025-07-24 22:20:11,840 [INFO] Starting weekly Steam library sync...
2025-07-24 22:20:11,840 [INFO] Starting fetch_and_store_games_for_all_users...
2025-07-24 22:20:11,840 [INFO] User Cole (Discord ID: 172231382758588417) does not have a Steam ID set.
2025-07-24 22:20:11,840 [INFO] Weekly Steam library sync completed.
2025-07-24 22:20:12,522 [INFO] Sent voice join announcement to #general.
2025-07-24 22:25:01,842 [INFO] Saving 1 voice activity records to DB...
2025-07-24 22:40:50,679 [INFO] httpx ClientSession closed.
2025-07-24 22:40:50,769 [INFO] Shard ID None has successfully RESUMED session ff698f53a90835b13118a175b3fb443e.
2025-07-24 22:48:11,993 [INFO] httpx ClientSession closed.
2025-07-24 22:48:12,092 [INFO] Shard ID None has successfully RESUMED session ff698f53a90835b13118a175b3fb443e.
2025-07-24 23:52:40,374 [INFO] httpx ClientSession closed.
2025-07-24 23:52:40,480 [INFO] Shard ID None has successfully RESUMED session ff698f53a90835b13118a175b3fb443e.
2025-07-25 00:12:43,484 [INFO] Voice state update detected for Cole
2025-07-25 00:12:43,484 [INFO] Cole left voice channel General in Da Boyz
2025-07-25 13:59:33,985 [INFO] [31m[1mWARNING: This is a development server. Do not use it in a production deployment. Use a production WSGI server instead.[0m
 * Running on all addresses (0.0.0.0)
 * Running on http://127.0.0.1:5001
 * Running on http://192.168.1.197:5001
2025-07-25 13:59:33,985 [INFO] [33mPress CTRL+C to quit[0m
2025-07-25 13:59:33,988 [INFO]  * Restarting with stat
2025-07-25 13:59:34,543 [WARNING]  * Debugger is active!
2025-07-25 13:59:34,553 [INFO]  * Debugger PIN: 137-579-239
2025-07-25 13:59:34,706 [INFO] BASE_URL set to: https://3de038010b75.ngrok-free.app
2025-07-25 13:59:34,729 [INFO] Applied migration: 001_add_metacritic_to_game.py
2025-07-25 13:59:34,730 [INFO] Applied migration: 002_add_xbox_and_igdb_fields.py
2025-07-25 13:59:34,731 [INFO] Applied migration: 003_add_microsoft_store_id_to_gamepassgame.py
2025-07-25 13:59:34,731 [INFO] Applied migration: 004_add_voice_notifications_to_user.py
2025-07-25 13:59:34,732 [INFO] Database initialized using Peewee models.
2025-07-25 13:59:34,736 [INFO] Game Pass catalog already populated.
2025-07-25 13:59:34,750 [INFO] logging in using static token
2025-07-25 13:59:34,750 [WARNING] Privileged message content intent is missing, commands may not work as expected.
2025-07-25 13:59:36,458 [INFO] Loaded cog: automation_tasks
2025-07-25 13:59:36,460 [INFO] Loaded cog: game_commands
2025-07-25 13:59:36,504 [INFO] Loaded cog: game_night_commands
2025-07-25 13:59:36,506 [INFO] Loaded cog: utility_commands
2025-07-25 13:59:36,508 [INFO] Loaded cog: voice_activity
2025-07-25 13:59:36,995 [INFO] Shard ID None has connected to Gateway (Session ID: a70890affb60b2b9a602c7d0e293a82c).
2025-07-25 13:59:39,003 [INFO] Waiting for bot to be ready for Xbox achievement sync...
2025-07-25 13:59:39,003 [INFO] Waiting for bot to be ready for daily Game Pass sync...
2025-07-25 13:59:39,003 [INFO] Waiting for bot to be ready for weekly Steam sync...
2025-07-25 13:59:39,003 [INFO] Waiting for bot to be ready before starting voice activity save loop.
2025-07-25 13:59:39,003 [INFO] Logged in as Game Night#3086 (ID: 1388686637797736669)
2025-07-25 13:59:39,003 [INFO] Commands synced to guild 1045175103249449000
2025-07-25 13:59:39,004 [INFO] ------
2025-07-25 13:59:39,008 [INFO] Adding job tentatively -- it will be properly scheduled when the scheduler starts
2025-07-25 13:59:39,008 [INFO] Starting weekly Xbox achievement sync...
2025-07-25 13:59:39,009 [INFO] Xbox achievement sync completed.
2025-07-25 13:59:47,663 [INFO] Voice state update detected for Cole
2025-07-25 13:59:47,663 [INFO] Cole joined voice channel General in Da Boyz
2025-07-25 13:59:47,914 [INFO] Sent voice join announcement to #general.
2025-07-25 13:59:49,017 [INFO] Daily Game Pass sync task started.
2025-07-25 13:59:49,018 [INFO] No users have Game Pass enabled. Skipping daily sync.
2025-07-25 13:59:49,018 [INFO] Starting weekly Steam library sync...
2025-07-25 13:59:49,018 [INFO] Starting fetch_and_store_games_for_all_users...
2025-07-25 13:59:49,019 [INFO] User Cole (Discord ID: 172231382758588417) does not have a Steam ID set.
2025-07-25 13:59:49,019 [INFO] Weekly Steam library sync completed.
2025-07-25 14:04:39,012 [INFO] Saving 1 voice activity records to DB...
2025-07-25 14:26:43,206 [INFO] httpx ClientSession closed.
2025-07-25 14:26:43,312 [INFO] Shard ID None has successfully RESUMED session a70890affb60b2b9a602c7d0e293a82c.
2025-07-25 14:29:51,771 [INFO] httpx ClientSession closed.
2025-07-25 14:29:51,877 [INFO] Shard ID None has successfully RESUMED session a70890affb60b2b9a602c7d0e293a82c.
2025-07-25 15:02:52,486 [INFO] httpx ClientSession closed.
2025-07-25 15:02:52,577 [INFO] Shard ID None has successfully RESUMED session a70890affb60b2b9a602c7d0e293a82c.
2025-07-25 16:46:22,523 [INFO] Voice state update detected for Cole
2025-07-25 16:46:22,523 [INFO] Cole left voice channel General in Da Boyz
2025-07-25 16:49:39,004 [INFO] Saving 1 voice activity records to DB...
2025-07-25 18:16:33,559 [INFO] httpx ClientSession closed.
2025-07-25 18:16:33,676 [INFO] Shard ID None has successfully RESUMED session a70890affb60b2b9a602c7d0e293a82c.
2025-07-25 19:28:52,815 [INFO] Voice state update detected for Cole
2025-07-25 19:28:52,815 [INFO] Cole joined voice channel General in Da Boyz
2025-07-25 19:28:53,044 [INFO] Sent voice join announcement to #general.
2025-07-25 19:29:39,008 [INFO] Saving 1 voice activity records to DB...
2025-07-25 19:42:37,685 [INFO] httpx ClientSession closed.
2025-07-25 19:42:37,778 [INFO] Shard ID None has successfully RESUMED session a70890affb60b2b9a602c7d0e293a82c.
2025-07-25 20:50:18,240 [INFO] Voice state update detected for Cole
2025-07-25 20:50:18,240 [INFO] Cole left voice channel General in Da Boyz
2025-07-25 20:54:39,006 [INFO] Saving 1 voice activity records to DB...
2025-07-25 21:06:59,329 [INFO] httpx ClientSession closed.
2025-07-25 21:06:59,421 [INFO] Shard ID None has successfully RESUMED session a70890affb60b2b9a602c7d0e293a82c.
2025-07-25 21:59:42,398 [INFO] httpx ClientSession closed.
2025-07-25 21:59:42,491 [INFO] Shard ID None has successfully RESUMED session a70890affb60b2b9a602c7d0e293a82c.
2025-07-25 22:07:46,263 [INFO] Voice state update detected for Cole
2025-07-25 22:07:46,263 [INFO] Cole joined voice channel General in Da Boyz
2025-07-25 22:07:46,421 [INFO] Sent voice join announcement to #general.
2025-07-25 22:09:39,011 [INFO] Saving 1 voice activity records to DB...
2025-07-25 23:10:04,862 [INFO] Voice state update detected for Cole
2025-07-25 23:10:04,862 [INFO] Cole left voice channel General in Da Boyz
2025-07-25 23:14:39,014 [INFO] Saving 1 voice activity records to DB...
2025-07-26 12:52:07,840 [INFO] httpx ClientSession closed.
2025-07-26 12:52:07,852 [ERROR] Attempting a reconnect in 0.67s
Traceback (most recent call last):
  File "C:\Users\ColeS\AppData\Local\Programs\Python\Python313\Lib\site-packages\aiohttp\connector.py", line 1512, in _create_direct_connection
    hosts = await self._resolve_host(host, port, traces=traces)
            ^^^^^^^^^^^^^^^^^^^^^^^^^^^^^^^^^^^^^^^^^^^^^^^^^^^
  File "C:\Users\ColeS\AppData\Local\Programs\Python\Python313\Lib\site-packages\aiohttp\connector.py", line 1128, in _resolve_host
    return await asyncio.shield(resolved_host_task)
           ^^^^^^^^^^^^^^^^^^^^^^^^^^^^^^^^^^^^^^^^
  File "C:\Users\ColeS\AppData\Local\Programs\Python\Python313\Lib\site-packages\aiohttp\connector.py", line 1159, in _resolve_host_with_throttle
    addrs = await self._resolver.resolve(host, port, family=self._family)
            ^^^^^^^^^^^^^^^^^^^^^^^^^^^^^^^^^^^^^^^^^^^^^^^^^^^^^^^^^^^^^
  File "C:\Users\ColeS\AppData\Local\Programs\Python\Python313\Lib\site-packages\aiohttp\resolver.py", line 40, in resolve
    infos = await self._loop.getaddrinfo(
            ^^^^^^^^^^^^^^^^^^^^^^^^^^^^^
    ...<5 lines>...
    )
    ^
  File "C:\Users\ColeS\AppData\Local\Programs\Python\Python313\Lib\asyncio\base_events.py", line 939, in getaddrinfo
    return await self.run_in_executor(
           ^^^^^^^^^^^^^^^^^^^^^^^^^^^
        None, getaddr_func, host, port, family, type, proto, flags)
        ^^^^^^^^^^^^^^^^^^^^^^^^^^^^^^^^^^^^^^^^^^^^^^^^^^^^^^^^^^^
  File "C:\Users\ColeS\AppData\Local\Programs\Python\Python313\Lib\concurrent\futures\thread.py", line 59, in run
    result = self.fn(*self.args, **self.kwargs)
  File "C:\Users\ColeS\AppData\Local\Programs\Python\Python313\Lib\socket.py", line 977, in getaddrinfo
    for res in _socket.getaddrinfo(host, port, family, type, proto, flags):
               ~~~~~~~~~~~~~~~~~~~^^^^^^^^^^^^^^^^^^^^^^^^^^^^^^^^^^^^^^^^
socket.gaierror: [Errno 11001] getaddrinfo failed

The above exception was the direct cause of the following exception:

Traceback (most recent call last):
  File "C:\Users\ColeS\AppData\Local\Programs\Python\Python313\Lib\site-packages\discord\client.py", line 656, in connect
    self.ws = await asyncio.wait_for(coro, timeout=60.0)
              ^^^^^^^^^^^^^^^^^^^^^^^^^^^^^^^^^^^^^^^^^^
  File "C:\Users\ColeS\AppData\Local\Programs\Python\Python313\Lib\asyncio\tasks.py", line 507, in wait_for
    return await fut
           ^^^^^^^^^
  File "C:\Users\ColeS\AppData\Local\Programs\Python\Python313\Lib\site-packages\discord\gateway.py", line 372, in from_client
    socket = await client.http.ws_connect(str(url))
             ^^^^^^^^^^^^^^^^^^^^^^^^^^^^^^^^^^^^^^
  File "C:\Users\ColeS\AppData\Local\Programs\Python\Python313\Lib\site-packages\discord\http.py", line 537, in ws_connect
    return await self.__session.ws_connect(url, **kwargs)
           ^^^^^^^^^^^^^^^^^^^^^^^^^^^^^^^^^^^^^^^^^^^^^^
  File "C:\Users\ColeS\AppData\Local\Programs\Python\Python313\Lib\site-packages\aiohttp\client.py", line 1061, in _ws_connect
    resp = await self.request(
           ^^^^^^^^^^^^^^^^^^^
    ...<11 lines>...
    )
    ^
  File "C:\Users\ColeS\AppData\Local\Programs\Python\Python313\Lib\site-packages\aiohttp\client.py", line 770, in _request
    resp = await handler(req)
           ^^^^^^^^^^^^^^^^^^
  File "C:\Users\ColeS\AppData\Local\Programs\Python\Python313\Lib\site-packages\aiohttp\client.py", line 725, in _connect_and_send_request
    conn = await self._connector.connect(
           ^^^^^^^^^^^^^^^^^^^^^^^^^^^^^^
        req, traces=traces, timeout=real_timeout
        ^^^^^^^^^^^^^^^^^^^^^^^^^^^^^^^^^^^^^^^^
    )
    ^
  File "C:\Users\ColeS\AppData\Local\Programs\Python\Python313\Lib\site-packages\aiohttp\connector.py", line 622, in connect
    proto = await self._create_connection(req, traces, timeout)
            ^^^^^^^^^^^^^^^^^^^^^^^^^^^^^^^^^^^^^^^^^^^^^^^^^^^
  File "C:\Users\ColeS\AppData\Local\Programs\Python\Python313\Lib\site-packages\aiohttp\connector.py", line 1189, in _create_connection
    _, proto = await self._create_direct_connection(req, traces, timeout)
               ^^^^^^^^^^^^^^^^^^^^^^^^^^^^^^^^^^^^^^^^^^^^^^^^^^^^^^^^^^
  File "C:\Users\ColeS\AppData\Local\Programs\Python\Python313\Lib\site-packages\aiohttp\connector.py", line 1518, in _create_direct_connection
    raise ClientConnectorDNSError(req.connection_key, exc) from exc
aiohttp.client_exceptions.ClientConnectorDNSError: Cannot connect to host gateway-us-east1-c.discord.gg:443 ssl:default [getaddrinfo failed]
2025-07-26 12:52:08,196 [INFO] httpx ClientSession closed.
2025-07-26 12:52:08,930 [ERROR] Attempting a reconnect in 1.64s
Traceback (most recent call last):
  File "C:\Users\ColeS\AppData\Local\Programs\Python\Python313\Lib\site-packages\aiohttp\connector.py", line 1512, in _create_direct_connection
    hosts = await self._resolve_host(host, port, traces=traces)
            ^^^^^^^^^^^^^^^^^^^^^^^^^^^^^^^^^^^^^^^^^^^^^^^^^^^
  File "C:\Users\ColeS\AppData\Local\Programs\Python\Python313\Lib\site-packages\aiohttp\connector.py", line 1128, in _resolve_host
    return await asyncio.shield(resolved_host_task)
           ^^^^^^^^^^^^^^^^^^^^^^^^^^^^^^^^^^^^^^^^
  File "C:\Users\ColeS\AppData\Local\Programs\Python\Python313\Lib\site-packages\aiohttp\connector.py", line 1159, in _resolve_host_with_throttle
    addrs = await self._resolver.resolve(host, port, family=self._family)
            ^^^^^^^^^^^^^^^^^^^^^^^^^^^^^^^^^^^^^^^^^^^^^^^^^^^^^^^^^^^^^
  File "C:\Users\ColeS\AppData\Local\Programs\Python\Python313\Lib\site-packages\aiohttp\resolver.py", line 40, in resolve
    infos = await self._loop.getaddrinfo(
            ^^^^^^^^^^^^^^^^^^^^^^^^^^^^^
    ...<5 lines>...
    )
    ^
  File "C:\Users\ColeS\AppData\Local\Programs\Python\Python313\Lib\asyncio\base_events.py", line 939, in getaddrinfo
    return await self.run_in_executor(
           ^^^^^^^^^^^^^^^^^^^^^^^^^^^
        None, getaddr_func, host, port, family, type, proto, flags)
        ^^^^^^^^^^^^^^^^^^^^^^^^^^^^^^^^^^^^^^^^^^^^^^^^^^^^^^^^^^^
  File "C:\Users\ColeS\AppData\Local\Programs\Python\Python313\Lib\concurrent\futures\thread.py", line 59, in run
    result = self.fn(*self.args, **self.kwargs)
  File "C:\Users\ColeS\AppData\Local\Programs\Python\Python313\Lib\socket.py", line 977, in getaddrinfo
    for res in _socket.getaddrinfo(host, port, family, type, proto, flags):
               ~~~~~~~~~~~~~~~~~~~^^^^^^^^^^^^^^^^^^^^^^^^^^^^^^^^^^^^^^^^
socket.gaierror: [Errno 11001] getaddrinfo failed

The above exception was the direct cause of the following exception:

Traceback (most recent call last):
  File "C:\Users\ColeS\AppData\Local\Programs\Python\Python313\Lib\site-packages\discord\client.py", line 656, in connect
    self.ws = await asyncio.wait_for(coro, timeout=60.0)
              ^^^^^^^^^^^^^^^^^^^^^^^^^^^^^^^^^^^^^^^^^^
  File "C:\Users\ColeS\AppData\Local\Programs\Python\Python313\Lib\asyncio\tasks.py", line 507, in wait_for
    return await fut
           ^^^^^^^^^
  File "C:\Users\ColeS\AppData\Local\Programs\Python\Python313\Lib\site-packages\discord\gateway.py", line 372, in from_client
    socket = await client.http.ws_connect(str(url))
             ^^^^^^^^^^^^^^^^^^^^^^^^^^^^^^^^^^^^^^
  File "C:\Users\ColeS\AppData\Local\Programs\Python\Python313\Lib\site-packages\discord\http.py", line 537, in ws_connect
    return await self.__session.ws_connect(url, **kwargs)
           ^^^^^^^^^^^^^^^^^^^^^^^^^^^^^^^^^^^^^^^^^^^^^^
  File "C:\Users\ColeS\AppData\Local\Programs\Python\Python313\Lib\site-packages\aiohttp\client.py", line 1061, in _ws_connect
    resp = await self.request(
           ^^^^^^^^^^^^^^^^^^^
    ...<11 lines>...
    )
    ^
  File "C:\Users\ColeS\AppData\Local\Programs\Python\Python313\Lib\site-packages\aiohttp\client.py", line 770, in _request
    resp = await handler(req)
           ^^^^^^^^^^^^^^^^^^
  File "C:\Users\ColeS\AppData\Local\Programs\Python\Python313\Lib\site-packages\aiohttp\client.py", line 725, in _connect_and_send_request
    conn = await self._connector.connect(
           ^^^^^^^^^^^^^^^^^^^^^^^^^^^^^^
        req, traces=traces, timeout=real_timeout
        ^^^^^^^^^^^^^^^^^^^^^^^^^^^^^^^^^^^^^^^^
    )
    ^
  File "C:\Users\ColeS\AppData\Local\Programs\Python\Python313\Lib\site-packages\aiohttp\connector.py", line 622, in connect
    proto = await self._create_connection(req, traces, timeout)
            ^^^^^^^^^^^^^^^^^^^^^^^^^^^^^^^^^^^^^^^^^^^^^^^^^^^
  File "C:\Users\ColeS\AppData\Local\Programs\Python\Python313\Lib\site-packages\aiohttp\connector.py", line 1189, in _create_connection
    _, proto = await self._create_direct_connection(req, traces, timeout)
               ^^^^^^^^^^^^^^^^^^^^^^^^^^^^^^^^^^^^^^^^^^^^^^^^^^^^^^^^^^
  File "C:\Users\ColeS\AppData\Local\Programs\Python\Python313\Lib\site-packages\aiohttp\connector.py", line 1518, in _create_direct_connection
    raise ClientConnectorDNSError(req.connection_key, exc) from exc
aiohttp.client_exceptions.ClientConnectorDNSError: Cannot connect to host gateway-us-east1-c.discord.gg:443 ssl:default [getaddrinfo failed]
2025-07-26 12:52:08,933 [INFO] httpx ClientSession closed.
2025-07-26 12:52:10,712 [INFO] Shard ID None session has been invalidated.
2025-07-26 12:52:10,742 [INFO] httpx ClientSession closed.
2025-07-26 12:52:15,973 [INFO] Shard ID None has connected to Gateway (Session ID: fa91b75d35e682c5f74f0a2fa0726a0d).
2025-07-26 12:52:17,979 [INFO] Logged in as Game Night#3086 (ID: 1388686637797736669)
2025-07-26 12:52:17,979 [INFO] Commands synced to guild 1045175103249449000
2025-07-26 12:52:17,979 [INFO] ------
2025-07-26 12:52:17,980 [INFO] Adding job tentatively -- it will be properly scheduled when the scheduler starts
2025-07-26 12:52:28,166 [INFO] httpx ClientSession closed.
2025-07-26 12:52:28,276 [INFO] Shard ID None has successfully RESUMED session fa91b75d35e682c5f74f0a2fa0726a0d.
2025-07-26 13:59:45,721 [INFO] Daily Game Pass sync task started.
2025-07-26 13:59:45,727 [INFO] No users have Game Pass enabled. Skipping daily sync.
2025-07-26 14:43:22,884 [INFO] httpx ClientSession closed.
2025-07-26 14:43:22,977 [INFO] Shard ID None has successfully RESUMED session fa91b75d35e682c5f74f0a2fa0726a0d.
2025-07-26 18:30:17,986 [INFO] httpx ClientSession closed.
2025-07-26 18:30:17,991 [ERROR] Attempting a reconnect in 0.85s
Traceback (most recent call last):
  File "C:\Users\ColeS\AppData\Local\Programs\Python\Python313\Lib\site-packages\aiohttp\connector.py", line 1512, in _create_direct_connection
    hosts = await self._resolve_host(host, port, traces=traces)
            ^^^^^^^^^^^^^^^^^^^^^^^^^^^^^^^^^^^^^^^^^^^^^^^^^^^
  File "C:\Users\ColeS\AppData\Local\Programs\Python\Python313\Lib\site-packages\aiohttp\connector.py", line 1128, in _resolve_host
    return await asyncio.shield(resolved_host_task)
           ^^^^^^^^^^^^^^^^^^^^^^^^^^^^^^^^^^^^^^^^
  File "C:\Users\ColeS\AppData\Local\Programs\Python\Python313\Lib\site-packages\aiohttp\connector.py", line 1159, in _resolve_host_with_throttle
    addrs = await self._resolver.resolve(host, port, family=self._family)
            ^^^^^^^^^^^^^^^^^^^^^^^^^^^^^^^^^^^^^^^^^^^^^^^^^^^^^^^^^^^^^
  File "C:\Users\ColeS\AppData\Local\Programs\Python\Python313\Lib\site-packages\aiohttp\resolver.py", line 40, in resolve
    infos = await self._loop.getaddrinfo(
            ^^^^^^^^^^^^^^^^^^^^^^^^^^^^^
    ...<5 lines>...
    )
    ^
  File "C:\Users\ColeS\AppData\Local\Programs\Python\Python313\Lib\asyncio\base_events.py", line 939, in getaddrinfo
    return await self.run_in_executor(
           ^^^^^^^^^^^^^^^^^^^^^^^^^^^
        None, getaddr_func, host, port, family, type, proto, flags)
        ^^^^^^^^^^^^^^^^^^^^^^^^^^^^^^^^^^^^^^^^^^^^^^^^^^^^^^^^^^^
  File "C:\Users\ColeS\AppData\Local\Programs\Python\Python313\Lib\concurrent\futures\thread.py", line 59, in run
    result = self.fn(*self.args, **self.kwargs)
  File "C:\Users\ColeS\AppData\Local\Programs\Python\Python313\Lib\socket.py", line 977, in getaddrinfo
    for res in _socket.getaddrinfo(host, port, family, type, proto, flags):
               ~~~~~~~~~~~~~~~~~~~^^^^^^^^^^^^^^^^^^^^^^^^^^^^^^^^^^^^^^^^
socket.gaierror: [Errno 11001] getaddrinfo failed

The above exception was the direct cause of the following exception:

Traceback (most recent call last):
  File "C:\Users\ColeS\AppData\Local\Programs\Python\Python313\Lib\site-packages\discord\client.py", line 656, in connect
    self.ws = await asyncio.wait_for(coro, timeout=60.0)
              ^^^^^^^^^^^^^^^^^^^^^^^^^^^^^^^^^^^^^^^^^^
  File "C:\Users\ColeS\AppData\Local\Programs\Python\Python313\Lib\asyncio\tasks.py", line 507, in wait_for
    return await fut
           ^^^^^^^^^
  File "C:\Users\ColeS\AppData\Local\Programs\Python\Python313\Lib\site-packages\discord\gateway.py", line 372, in from_client
    socket = await client.http.ws_connect(str(url))
             ^^^^^^^^^^^^^^^^^^^^^^^^^^^^^^^^^^^^^^
  File "C:\Users\ColeS\AppData\Local\Programs\Python\Python313\Lib\site-packages\discord\http.py", line 537, in ws_connect
    return await self.__session.ws_connect(url, **kwargs)
           ^^^^^^^^^^^^^^^^^^^^^^^^^^^^^^^^^^^^^^^^^^^^^^
  File "C:\Users\ColeS\AppData\Local\Programs\Python\Python313\Lib\site-packages\aiohttp\client.py", line 1061, in _ws_connect
    resp = await self.request(
           ^^^^^^^^^^^^^^^^^^^
    ...<11 lines>...
    )
    ^
  File "C:\Users\ColeS\AppData\Local\Programs\Python\Python313\Lib\site-packages\aiohttp\client.py", line 770, in _request
    resp = await handler(req)
           ^^^^^^^^^^^^^^^^^^
  File "C:\Users\ColeS\AppData\Local\Programs\Python\Python313\Lib\site-packages\aiohttp\client.py", line 725, in _connect_and_send_request
    conn = await self._connector.connect(
           ^^^^^^^^^^^^^^^^^^^^^^^^^^^^^^
        req, traces=traces, timeout=real_timeout
        ^^^^^^^^^^^^^^^^^^^^^^^^^^^^^^^^^^^^^^^^
    )
    ^
  File "C:\Users\ColeS\AppData\Local\Programs\Python\Python313\Lib\site-packages\aiohttp\connector.py", line 622, in connect
    proto = await self._create_connection(req, traces, timeout)
            ^^^^^^^^^^^^^^^^^^^^^^^^^^^^^^^^^^^^^^^^^^^^^^^^^^^
  File "C:\Users\ColeS\AppData\Local\Programs\Python\Python313\Lib\site-packages\aiohttp\connector.py", line 1189, in _create_connection
    _, proto = await self._create_direct_connection(req, traces, timeout)
               ^^^^^^^^^^^^^^^^^^^^^^^^^^^^^^^^^^^^^^^^^^^^^^^^^^^^^^^^^^
  File "C:\Users\ColeS\AppData\Local\Programs\Python\Python313\Lib\site-packages\aiohttp\connector.py", line 1518, in _create_direct_connection
    raise ClientConnectorDNSError(req.connection_key, exc) from exc
aiohttp.client_exceptions.ClientConnectorDNSError: Cannot connect to host gateway-us-east1-c.discord.gg:443 ssl:default [getaddrinfo failed]
2025-07-26 18:30:17,998 [INFO] httpx ClientSession closed.
2025-07-26 18:30:18,864 [ERROR] Attempting a reconnect in 2.28s
Traceback (most recent call last):
  File "C:\Users\ColeS\AppData\Local\Programs\Python\Python313\Lib\site-packages\aiohttp\connector.py", line 1512, in _create_direct_connection
    hosts = await self._resolve_host(host, port, traces=traces)
            ^^^^^^^^^^^^^^^^^^^^^^^^^^^^^^^^^^^^^^^^^^^^^^^^^^^
  File "C:\Users\ColeS\AppData\Local\Programs\Python\Python313\Lib\site-packages\aiohttp\connector.py", line 1128, in _resolve_host
    return await asyncio.shield(resolved_host_task)
           ^^^^^^^^^^^^^^^^^^^^^^^^^^^^^^^^^^^^^^^^
  File "C:\Users\ColeS\AppData\Local\Programs\Python\Python313\Lib\site-packages\aiohttp\connector.py", line 1159, in _resolve_host_with_throttle
    addrs = await self._resolver.resolve(host, port, family=self._family)
            ^^^^^^^^^^^^^^^^^^^^^^^^^^^^^^^^^^^^^^^^^^^^^^^^^^^^^^^^^^^^^
  File "C:\Users\ColeS\AppData\Local\Programs\Python\Python313\Lib\site-packages\aiohttp\resolver.py", line 40, in resolve
    infos = await self._loop.getaddrinfo(
            ^^^^^^^^^^^^^^^^^^^^^^^^^^^^^
    ...<5 lines>...
    )
    ^
  File "C:\Users\ColeS\AppData\Local\Programs\Python\Python313\Lib\asyncio\base_events.py", line 939, in getaddrinfo
    return await self.run_in_executor(
           ^^^^^^^^^^^^^^^^^^^^^^^^^^^
        None, getaddr_func, host, port, family, type, proto, flags)
        ^^^^^^^^^^^^^^^^^^^^^^^^^^^^^^^^^^^^^^^^^^^^^^^^^^^^^^^^^^^
  File "C:\Users\ColeS\AppData\Local\Programs\Python\Python313\Lib\concurrent\futures\thread.py", line 59, in run
    result = self.fn(*self.args, **self.kwargs)
  File "C:\Users\ColeS\AppData\Local\Programs\Python\Python313\Lib\socket.py", line 977, in getaddrinfo
    for res in _socket.getaddrinfo(host, port, family, type, proto, flags):
               ~~~~~~~~~~~~~~~~~~~^^^^^^^^^^^^^^^^^^^^^^^^^^^^^^^^^^^^^^^^
socket.gaierror: [Errno 11001] getaddrinfo failed

The above exception was the direct cause of the following exception:

Traceback (most recent call last):
  File "C:\Users\ColeS\AppData\Local\Programs\Python\Python313\Lib\site-packages\discord\client.py", line 656, in connect
    self.ws = await asyncio.wait_for(coro, timeout=60.0)
              ^^^^^^^^^^^^^^^^^^^^^^^^^^^^^^^^^^^^^^^^^^
  File "C:\Users\ColeS\AppData\Local\Programs\Python\Python313\Lib\asyncio\tasks.py", line 507, in wait_for
    return await fut
           ^^^^^^^^^
  File "C:\Users\ColeS\AppData\Local\Programs\Python\Python313\Lib\site-packages\discord\gateway.py", line 372, in from_client
    socket = await client.http.ws_connect(str(url))
             ^^^^^^^^^^^^^^^^^^^^^^^^^^^^^^^^^^^^^^
  File "C:\Users\ColeS\AppData\Local\Programs\Python\Python313\Lib\site-packages\discord\http.py", line 537, in ws_connect
    return await self.__session.ws_connect(url, **kwargs)
           ^^^^^^^^^^^^^^^^^^^^^^^^^^^^^^^^^^^^^^^^^^^^^^
  File "C:\Users\ColeS\AppData\Local\Programs\Python\Python313\Lib\site-packages\aiohttp\client.py", line 1061, in _ws_connect
    resp = await self.request(
           ^^^^^^^^^^^^^^^^^^^
    ...<11 lines>...
    )
    ^
  File "C:\Users\ColeS\AppData\Local\Programs\Python\Python313\Lib\site-packages\aiohttp\client.py", line 770, in _request
    resp = await handler(req)
           ^^^^^^^^^^^^^^^^^^
  File "C:\Users\ColeS\AppData\Local\Programs\Python\Python313\Lib\site-packages\aiohttp\client.py", line 725, in _connect_and_send_request
    conn = await self._connector.connect(
           ^^^^^^^^^^^^^^^^^^^^^^^^^^^^^^
        req, traces=traces, timeout=real_timeout
        ^^^^^^^^^^^^^^^^^^^^^^^^^^^^^^^^^^^^^^^^
    )
    ^
  File "C:\Users\ColeS\AppData\Local\Programs\Python\Python313\Lib\site-packages\aiohttp\connector.py", line 622, in connect
    proto = await self._create_connection(req, traces, timeout)
            ^^^^^^^^^^^^^^^^^^^^^^^^^^^^^^^^^^^^^^^^^^^^^^^^^^^
  File "C:\Users\ColeS\AppData\Local\Programs\Python\Python313\Lib\site-packages\aiohttp\connector.py", line 1189, in _create_connection
    _, proto = await self._create_direct_connection(req, traces, timeout)
               ^^^^^^^^^^^^^^^^^^^^^^^^^^^^^^^^^^^^^^^^^^^^^^^^^^^^^^^^^^
  File "C:\Users\ColeS\AppData\Local\Programs\Python\Python313\Lib\site-packages\aiohttp\connector.py", line 1518, in _create_direct_connection
    raise ClientConnectorDNSError(req.connection_key, exc) from exc
aiohttp.client_exceptions.ClientConnectorDNSError: Cannot connect to host gateway-us-east1-c.discord.gg:443 ssl:default [getaddrinfo failed]
2025-07-26 18:30:18,868 [INFO] httpx ClientSession closed.
2025-07-26 18:30:21,298 [INFO] Shard ID None session has been invalidated.
2025-07-26 18:30:21,322 [INFO] httpx ClientSession closed.
2025-07-26 18:30:26,752 [INFO] Shard ID None has connected to Gateway (Session ID: f4829f0f8d2ed05a6dac39eb456d8a8c).
2025-07-26 18:30:28,757 [INFO] Logged in as Game Night#3086 (ID: 1388686637797736669)
2025-07-26 18:30:28,757 [INFO] Commands synced to guild 1045175103249449000
2025-07-26 18:30:28,757 [INFO] ------
2025-07-26 18:30:28,758 [INFO] Adding job tentatively -- it will be properly scheduled when the scheduler starts
2025-07-26 18:31:27,043 [INFO] httpx ClientSession closed.
2025-07-26 18:31:27,151 [INFO] Shard ID None has successfully RESUMED session f4829f0f8d2ed05a6dac39eb456d8a8c.
2025-07-26 19:16:58,174 [INFO] httpx ClientSession closed.
2025-07-26 19:16:58,271 [INFO] Shard ID None has successfully RESUMED session f4829f0f8d2ed05a6dac39eb456d8a8c.
2025-07-26 19:58:48,109 [INFO] httpx ClientSession closed.
2025-07-26 19:58:48,194 [INFO] Shard ID None has successfully RESUMED session f4829f0f8d2ed05a6dac39eb456d8a8c.
2025-07-26 21:02:42,970 [INFO] httpx ClientSession closed.
2025-07-26 21:02:43,068 [INFO] Shard ID None has successfully RESUMED session f4829f0f8d2ed05a6dac39eb456d8a8c.
2025-07-26 21:11:11,271 [INFO] Voice state update detected for Cole
2025-07-26 21:11:11,272 [INFO] Cole joined voice channel General in Da Boyz
2025-07-26 21:11:11,599 [INFO] Sent voice join announcement to #general.
2025-07-26 21:14:39,011 [INFO] Saving 1 voice activity records to DB...
2025-07-27 20:58:36,511 [INFO] Daily Game Pass sync task started.
2025-07-27 20:58:36,513 [INFO] No users have Game Pass enabled. Skipping daily sync.
2025-07-27 20:58:36,514 [INFO] httpx ClientSession closed.
2025-07-27 20:58:36,521 [ERROR] Attempting a reconnect in 1.71s
Traceback (most recent call last):
  File "C:\Users\ColeS\AppData\Local\Programs\Python\Python313\Lib\site-packages\aiohttp\connector.py", line 1512, in _create_direct_connection
    hosts = await self._resolve_host(host, port, traces=traces)
            ^^^^^^^^^^^^^^^^^^^^^^^^^^^^^^^^^^^^^^^^^^^^^^^^^^^
  File "C:\Users\ColeS\AppData\Local\Programs\Python\Python313\Lib\site-packages\aiohttp\connector.py", line 1128, in _resolve_host
    return await asyncio.shield(resolved_host_task)
           ^^^^^^^^^^^^^^^^^^^^^^^^^^^^^^^^^^^^^^^^
  File "C:\Users\ColeS\AppData\Local\Programs\Python\Python313\Lib\site-packages\aiohttp\connector.py", line 1159, in _resolve_host_with_throttle
    addrs = await self._resolver.resolve(host, port, family=self._family)
            ^^^^^^^^^^^^^^^^^^^^^^^^^^^^^^^^^^^^^^^^^^^^^^^^^^^^^^^^^^^^^
  File "C:\Users\ColeS\AppData\Local\Programs\Python\Python313\Lib\site-packages\aiohttp\resolver.py", line 40, in resolve
    infos = await self._loop.getaddrinfo(
            ^^^^^^^^^^^^^^^^^^^^^^^^^^^^^
    ...<5 lines>...
    )
    ^
  File "C:\Users\ColeS\AppData\Local\Programs\Python\Python313\Lib\asyncio\base_events.py", line 939, in getaddrinfo
    return await self.run_in_executor(
           ^^^^^^^^^^^^^^^^^^^^^^^^^^^
        None, getaddr_func, host, port, family, type, proto, flags)
        ^^^^^^^^^^^^^^^^^^^^^^^^^^^^^^^^^^^^^^^^^^^^^^^^^^^^^^^^^^^
  File "C:\Users\ColeS\AppData\Local\Programs\Python\Python313\Lib\concurrent\futures\thread.py", line 59, in run
    result = self.fn(*self.args, **self.kwargs)
  File "C:\Users\ColeS\AppData\Local\Programs\Python\Python313\Lib\socket.py", line 977, in getaddrinfo
    for res in _socket.getaddrinfo(host, port, family, type, proto, flags):
               ~~~~~~~~~~~~~~~~~~~^^^^^^^^^^^^^^^^^^^^^^^^^^^^^^^^^^^^^^^^
socket.gaierror: [Errno 11001] getaddrinfo failed

The above exception was the direct cause of the following exception:

Traceback (most recent call last):
  File "C:\Users\ColeS\AppData\Local\Programs\Python\Python313\Lib\site-packages\discord\client.py", line 656, in connect
    self.ws = await asyncio.wait_for(coro, timeout=60.0)
              ^^^^^^^^^^^^^^^^^^^^^^^^^^^^^^^^^^^^^^^^^^
  File "C:\Users\ColeS\AppData\Local\Programs\Python\Python313\Lib\asyncio\tasks.py", line 507, in wait_for
    return await fut
           ^^^^^^^^^
  File "C:\Users\ColeS\AppData\Local\Programs\Python\Python313\Lib\site-packages\discord\gateway.py", line 372, in from_client
    socket = await client.http.ws_connect(str(url))
             ^^^^^^^^^^^^^^^^^^^^^^^^^^^^^^^^^^^^^^
  File "C:\Users\ColeS\AppData\Local\Programs\Python\Python313\Lib\site-packages\discord\http.py", line 537, in ws_connect
    return await self.__session.ws_connect(url, **kwargs)
           ^^^^^^^^^^^^^^^^^^^^^^^^^^^^^^^^^^^^^^^^^^^^^^
  File "C:\Users\ColeS\AppData\Local\Programs\Python\Python313\Lib\site-packages\aiohttp\client.py", line 1061, in _ws_connect
    resp = await self.request(
           ^^^^^^^^^^^^^^^^^^^
    ...<11 lines>...
    )
    ^
  File "C:\Users\ColeS\AppData\Local\Programs\Python\Python313\Lib\site-packages\aiohttp\client.py", line 770, in _request
    resp = await handler(req)
           ^^^^^^^^^^^^^^^^^^
  File "C:\Users\ColeS\AppData\Local\Programs\Python\Python313\Lib\site-packages\aiohttp\client.py", line 725, in _connect_and_send_request
    conn = await self._connector.connect(
           ^^^^^^^^^^^^^^^^^^^^^^^^^^^^^^
        req, traces=traces, timeout=real_timeout
        ^^^^^^^^^^^^^^^^^^^^^^^^^^^^^^^^^^^^^^^^
    )
    ^
  File "C:\Users\ColeS\AppData\Local\Programs\Python\Python313\Lib\site-packages\aiohttp\connector.py", line 622, in connect
    proto = await self._create_connection(req, traces, timeout)
            ^^^^^^^^^^^^^^^^^^^^^^^^^^^^^^^^^^^^^^^^^^^^^^^^^^^
  File "C:\Users\ColeS\AppData\Local\Programs\Python\Python313\Lib\site-packages\aiohttp\connector.py", line 1189, in _create_connection
    _, proto = await self._create_direct_connection(req, traces, timeout)
               ^^^^^^^^^^^^^^^^^^^^^^^^^^^^^^^^^^^^^^^^^^^^^^^^^^^^^^^^^^
  File "C:\Users\ColeS\AppData\Local\Programs\Python\Python313\Lib\site-packages\aiohttp\connector.py", line 1518, in _create_direct_connection
    raise ClientConnectorDNSError(req.connection_key, exc) from exc
aiohttp.client_exceptions.ClientConnectorDNSError: Cannot connect to host gateway-us-east1-c.discord.gg:443 ssl:default [getaddrinfo failed]
2025-07-27 20:58:36,527 [INFO] httpx ClientSession closed.
2025-07-27 20:58:38,247 [ERROR] Attempting a reconnect in 1.06s
Traceback (most recent call last):
  File "C:\Users\ColeS\AppData\Local\Programs\Python\Python313\Lib\site-packages\aiohttp\connector.py", line 1512, in _create_direct_connection
    hosts = await self._resolve_host(host, port, traces=traces)
            ^^^^^^^^^^^^^^^^^^^^^^^^^^^^^^^^^^^^^^^^^^^^^^^^^^^
  File "C:\Users\ColeS\AppData\Local\Programs\Python\Python313\Lib\site-packages\aiohttp\connector.py", line 1128, in _resolve_host
    return await asyncio.shield(resolved_host_task)
           ^^^^^^^^^^^^^^^^^^^^^^^^^^^^^^^^^^^^^^^^
  File "C:\Users\ColeS\AppData\Local\Programs\Python\Python313\Lib\site-packages\aiohttp\connector.py", line 1159, in _resolve_host_with_throttle
    addrs = await self._resolver.resolve(host, port, family=self._family)
            ^^^^^^^^^^^^^^^^^^^^^^^^^^^^^^^^^^^^^^^^^^^^^^^^^^^^^^^^^^^^^
  File "C:\Users\ColeS\AppData\Local\Programs\Python\Python313\Lib\site-packages\aiohttp\resolver.py", line 40, in resolve
    infos = await self._loop.getaddrinfo(
            ^^^^^^^^^^^^^^^^^^^^^^^^^^^^^
    ...<5 lines>...
    )
    ^
  File "C:\Users\ColeS\AppData\Local\Programs\Python\Python313\Lib\asyncio\base_events.py", line 939, in getaddrinfo
    return await self.run_in_executor(
           ^^^^^^^^^^^^^^^^^^^^^^^^^^^
        None, getaddr_func, host, port, family, type, proto, flags)
        ^^^^^^^^^^^^^^^^^^^^^^^^^^^^^^^^^^^^^^^^^^^^^^^^^^^^^^^^^^^
  File "C:\Users\ColeS\AppData\Local\Programs\Python\Python313\Lib\concurrent\futures\thread.py", line 59, in run
    result = self.fn(*self.args, **self.kwargs)
  File "C:\Users\ColeS\AppData\Local\Programs\Python\Python313\Lib\socket.py", line 977, in getaddrinfo
    for res in _socket.getaddrinfo(host, port, family, type, proto, flags):
               ~~~~~~~~~~~~~~~~~~~^^^^^^^^^^^^^^^^^^^^^^^^^^^^^^^^^^^^^^^^
socket.gaierror: [Errno 11001] getaddrinfo failed

The above exception was the direct cause of the following exception:

Traceback (most recent call last):
  File "C:\Users\ColeS\AppData\Local\Programs\Python\Python313\Lib\site-packages\discord\client.py", line 656, in connect
    self.ws = await asyncio.wait_for(coro, timeout=60.0)
              ^^^^^^^^^^^^^^^^^^^^^^^^^^^^^^^^^^^^^^^^^^
  File "C:\Users\ColeS\AppData\Local\Programs\Python\Python313\Lib\asyncio\tasks.py", line 507, in wait_for
    return await fut
           ^^^^^^^^^
  File "C:\Users\ColeS\AppData\Local\Programs\Python\Python313\Lib\site-packages\discord\gateway.py", line 372, in from_client
    socket = await client.http.ws_connect(str(url))
             ^^^^^^^^^^^^^^^^^^^^^^^^^^^^^^^^^^^^^^
  File "C:\Users\ColeS\AppData\Local\Programs\Python\Python313\Lib\site-packages\discord\http.py", line 537, in ws_connect
    return await self.__session.ws_connect(url, **kwargs)
           ^^^^^^^^^^^^^^^^^^^^^^^^^^^^^^^^^^^^^^^^^^^^^^
  File "C:\Users\ColeS\AppData\Local\Programs\Python\Python313\Lib\site-packages\aiohttp\client.py", line 1061, in _ws_connect
    resp = await self.request(
           ^^^^^^^^^^^^^^^^^^^
    ...<11 lines>...
    )
    ^
  File "C:\Users\ColeS\AppData\Local\Programs\Python\Python313\Lib\site-packages\aiohttp\client.py", line 770, in _request
    resp = await handler(req)
           ^^^^^^^^^^^^^^^^^^
  File "C:\Users\ColeS\AppData\Local\Programs\Python\Python313\Lib\site-packages\aiohttp\client.py", line 725, in _connect_and_send_request
    conn = await self._connector.connect(
           ^^^^^^^^^^^^^^^^^^^^^^^^^^^^^^
        req, traces=traces, timeout=real_timeout
        ^^^^^^^^^^^^^^^^^^^^^^^^^^^^^^^^^^^^^^^^
    )
    ^
  File "C:\Users\ColeS\AppData\Local\Programs\Python\Python313\Lib\site-packages\aiohttp\connector.py", line 622, in connect
    proto = await self._create_connection(req, traces, timeout)
            ^^^^^^^^^^^^^^^^^^^^^^^^^^^^^^^^^^^^^^^^^^^^^^^^^^^
  File "C:\Users\ColeS\AppData\Local\Programs\Python\Python313\Lib\site-packages\aiohttp\connector.py", line 1189, in _create_connection
    _, proto = await self._create_direct_connection(req, traces, timeout)
               ^^^^^^^^^^^^^^^^^^^^^^^^^^^^^^^^^^^^^^^^^^^^^^^^^^^^^^^^^^
  File "C:\Users\ColeS\AppData\Local\Programs\Python\Python313\Lib\site-packages\aiohttp\connector.py", line 1518, in _create_direct_connection
    raise ClientConnectorDNSError(req.connection_key, exc) from exc
aiohttp.client_exceptions.ClientConnectorDNSError: Cannot connect to host gateway-us-east1-c.discord.gg:443 ssl:default [getaddrinfo failed]
2025-07-27 20:58:38,252 [INFO] httpx ClientSession closed.
2025-07-27 20:58:39,314 [ERROR] Attempting a reconnect in 4.44s
Traceback (most recent call last):
  File "C:\Users\ColeS\AppData\Local\Programs\Python\Python313\Lib\site-packages\aiohttp\connector.py", line 1512, in _create_direct_connection
    hosts = await self._resolve_host(host, port, traces=traces)
            ^^^^^^^^^^^^^^^^^^^^^^^^^^^^^^^^^^^^^^^^^^^^^^^^^^^
  File "C:\Users\ColeS\AppData\Local\Programs\Python\Python313\Lib\site-packages\aiohttp\connector.py", line 1128, in _resolve_host
    return await asyncio.shield(resolved_host_task)
           ^^^^^^^^^^^^^^^^^^^^^^^^^^^^^^^^^^^^^^^^
  File "C:\Users\ColeS\AppData\Local\Programs\Python\Python313\Lib\site-packages\aiohttp\connector.py", line 1159, in _resolve_host_with_throttle
    addrs = await self._resolver.resolve(host, port, family=self._family)
            ^^^^^^^^^^^^^^^^^^^^^^^^^^^^^^^^^^^^^^^^^^^^^^^^^^^^^^^^^^^^^
  File "C:\Users\ColeS\AppData\Local\Programs\Python\Python313\Lib\site-packages\aiohttp\resolver.py", line 40, in resolve
    infos = await self._loop.getaddrinfo(
            ^^^^^^^^^^^^^^^^^^^^^^^^^^^^^
    ...<5 lines>...
    )
    ^
  File "C:\Users\ColeS\AppData\Local\Programs\Python\Python313\Lib\asyncio\base_events.py", line 939, in getaddrinfo
    return await self.run_in_executor(
           ^^^^^^^^^^^^^^^^^^^^^^^^^^^
        None, getaddr_func, host, port, family, type, proto, flags)
        ^^^^^^^^^^^^^^^^^^^^^^^^^^^^^^^^^^^^^^^^^^^^^^^^^^^^^^^^^^^
  File "C:\Users\ColeS\AppData\Local\Programs\Python\Python313\Lib\concurrent\futures\thread.py", line 59, in run
    result = self.fn(*self.args, **self.kwargs)
  File "C:\Users\ColeS\AppData\Local\Programs\Python\Python313\Lib\socket.py", line 977, in getaddrinfo
    for res in _socket.getaddrinfo(host, port, family, type, proto, flags):
               ~~~~~~~~~~~~~~~~~~~^^^^^^^^^^^^^^^^^^^^^^^^^^^^^^^^^^^^^^^^
socket.gaierror: [Errno 11001] getaddrinfo failed

The above exception was the direct cause of the following exception:

Traceback (most recent call last):
  File "C:\Users\ColeS\AppData\Local\Programs\Python\Python313\Lib\site-packages\discord\client.py", line 656, in connect
    self.ws = await asyncio.wait_for(coro, timeout=60.0)
              ^^^^^^^^^^^^^^^^^^^^^^^^^^^^^^^^^^^^^^^^^^
  File "C:\Users\ColeS\AppData\Local\Programs\Python\Python313\Lib\asyncio\tasks.py", line 507, in wait_for
    return await fut
           ^^^^^^^^^
  File "C:\Users\ColeS\AppData\Local\Programs\Python\Python313\Lib\site-packages\discord\gateway.py", line 372, in from_client
    socket = await client.http.ws_connect(str(url))
             ^^^^^^^^^^^^^^^^^^^^^^^^^^^^^^^^^^^^^^
  File "C:\Users\ColeS\AppData\Local\Programs\Python\Python313\Lib\site-packages\discord\http.py", line 537, in ws_connect
    return await self.__session.ws_connect(url, **kwargs)
           ^^^^^^^^^^^^^^^^^^^^^^^^^^^^^^^^^^^^^^^^^^^^^^
  File "C:\Users\ColeS\AppData\Local\Programs\Python\Python313\Lib\site-packages\aiohttp\client.py", line 1061, in _ws_connect
    resp = await self.request(
           ^^^^^^^^^^^^^^^^^^^
    ...<11 lines>...
    )
    ^
  File "C:\Users\ColeS\AppData\Local\Programs\Python\Python313\Lib\site-packages\aiohttp\client.py", line 770, in _request
    resp = await handler(req)
           ^^^^^^^^^^^^^^^^^^
  File "C:\Users\ColeS\AppData\Local\Programs\Python\Python313\Lib\site-packages\aiohttp\client.py", line 725, in _connect_and_send_request
    conn = await self._connector.connect(
           ^^^^^^^^^^^^^^^^^^^^^^^^^^^^^^
        req, traces=traces, timeout=real_timeout
        ^^^^^^^^^^^^^^^^^^^^^^^^^^^^^^^^^^^^^^^^
    )
    ^
  File "C:\Users\ColeS\AppData\Local\Programs\Python\Python313\Lib\site-packages\aiohttp\connector.py", line 622, in connect
    proto = await self._create_connection(req, traces, timeout)
            ^^^^^^^^^^^^^^^^^^^^^^^^^^^^^^^^^^^^^^^^^^^^^^^^^^^
  File "C:\Users\ColeS\AppData\Local\Programs\Python\Python313\Lib\site-packages\aiohttp\connector.py", line 1189, in _create_connection
    _, proto = await self._create_direct_connection(req, traces, timeout)
               ^^^^^^^^^^^^^^^^^^^^^^^^^^^^^^^^^^^^^^^^^^^^^^^^^^^^^^^^^^
  File "C:\Users\ColeS\AppData\Local\Programs\Python\Python313\Lib\site-packages\aiohttp\connector.py", line 1518, in _create_direct_connection
    raise ClientConnectorDNSError(req.connection_key, exc) from exc
aiohttp.client_exceptions.ClientConnectorDNSError: Cannot connect to host gateway-us-east1-c.discord.gg:443 ssl:default [getaddrinfo failed]
2025-07-27 20:58:39,316 [INFO] httpx ClientSession closed.
2025-07-27 20:58:43,877 [INFO] Shard ID None session has been invalidated.
2025-07-27 20:58:43,928 [INFO] httpx ClientSession closed.
2025-07-27 20:58:49,174 [INFO] Shard ID None has connected to Gateway (Session ID: 690c785fb0ba37996f92e8442dd5cebc).
2025-07-27 20:58:51,178 [INFO] Logged in as Game Night#3086 (ID: 1388686637797736669)
2025-07-27 20:58:51,178 [INFO] Commands synced to guild 1045175103249449000
2025-07-27 20:58:51,178 [INFO] ------
2025-07-27 20:58:51,178 [INFO] Adding job tentatively -- it will be properly scheduled when the scheduler starts
2025-07-27 22:24:27,338 [INFO] httpx ClientSession closed.
2025-07-27 22:24:27,433 [INFO] Shard ID None has successfully RESUMED session 690c785fb0ba37996f92e8442dd5cebc.
2025-07-28 21:06:41,142 [INFO] [31m[1mWARNING: This is a development server. Do not use it in a production deployment. Use a production WSGI server instead.[0m
 * Running on all addresses (0.0.0.0)
 * Running on http://127.0.0.1:5001
 * Running on http://192.168.1.197:5001
2025-07-28 21:06:41,143 [INFO] [33mPress CTRL+C to quit[0m
2025-07-28 21:06:41,146 [INFO]  * Restarting with stat
2025-07-28 21:06:41,671 [WARNING]  * Debugger is active!
2025-07-28 21:06:41,678 [INFO]  * Debugger PIN: 137-579-239
2025-07-28 21:06:53,814 [INFO] [31m[1mWARNING: This is a development server. Do not use it in a production deployment. Use a production WSGI server instead.[0m
 * Running on all addresses (0.0.0.0)
 * Running on http://127.0.0.1:5001
 * Running on http://192.168.1.197:5001
2025-07-28 21:06:53,814 [INFO] [33mPress CTRL+C to quit[0m
2025-07-28 21:06:53,817 [INFO]  * Restarting with stat
2025-07-28 21:06:54,004 [INFO] BASE_URL set to: https://c2a6ec4cd901.ngrok-free.app
2025-07-28 21:06:54,032 [INFO] Applied migration: 001_add_metacritic_to_game.py
2025-07-28 21:06:54,033 [INFO] Applied migration: 002_add_xbox_and_igdb_fields.py
2025-07-28 21:06:54,034 [INFO] Applied migration: 003_add_microsoft_store_id_to_gamepassgame.py
2025-07-28 21:06:54,035 [INFO] Applied migration: 004_add_voice_notifications_to_user.py
2025-07-28 21:06:54,035 [INFO] Database initialized using Peewee models.
2025-07-28 21:06:54,043 [INFO] Game Pass catalog already populated.
2025-07-28 21:06:54,060 [INFO] logging in using static token
2025-07-28 21:06:54,060 [WARNING] Privileged message content intent is missing, commands may not work as expected.
2025-07-28 21:06:54,357 [WARNING]  * Debugger is active!
2025-07-28 21:06:54,364 [INFO]  * Debugger PIN: 137-579-239
2025-07-28 21:06:55,809 [INFO] Loaded cog: automation_tasks
2025-07-28 21:06:55,811 [INFO] Loaded cog: game_commands
2025-07-28 21:06:55,865 [INFO] Loaded cog: game_night_commands
2025-07-28 21:06:55,868 [INFO] Loaded cog: utility_commands
2025-07-28 21:06:55,869 [INFO] Loaded cog: voice_activity
2025-07-28 21:06:56,207 [INFO] Shard ID None has connected to Gateway (Session ID: 346f3f5063b6f4beac6061a5146040b8).
2025-07-28 21:06:58,227 [INFO] Waiting for bot to be ready for Xbox achievement sync...
2025-07-28 21:06:58,227 [INFO] Waiting for bot to be ready for daily Game Pass sync...
2025-07-28 21:06:58,227 [INFO] Waiting for bot to be ready for weekly Steam sync...
2025-07-28 21:06:58,228 [INFO] Waiting for bot to be ready before starting voice activity save loop.
2025-07-28 21:06:58,228 [INFO] Logged in as Game Night#3086 (ID: 1388686637797736669)
2025-07-28 21:06:58,228 [INFO] Commands synced to guild 1045175103249449000
2025-07-28 21:06:58,228 [INFO] ------
2025-07-28 21:06:58,233 [INFO] Adding job tentatively -- it will be properly scheduled when the scheduler starts
2025-07-28 21:06:58,233 [INFO] Starting weekly Xbox achievement sync...
2025-07-28 21:06:58,234 [INFO] Xbox achievement sync completed.
2025-07-28 21:07:07,106 [INFO] Voice state update detected for Cole
2025-07-28 21:07:07,106 [INFO] Cole joined voice channel General in Da Boyz
2025-07-28 21:07:07,458 [INFO] Sent voice join announcement to #general.
2025-07-28 21:07:08,240 [INFO] Daily Game Pass sync task started.
2025-07-28 21:07:08,241 [INFO] No users have Game Pass enabled. Skipping daily sync.
2025-07-28 21:07:08,241 [INFO] Starting weekly Steam library sync...
2025-07-28 21:07:08,241 [INFO] Starting fetch_and_store_games_for_all_users...
2025-07-28 21:07:08,242 [INFO] User Cole (Discord ID: 172231382758588417) does not have a Steam ID set.
2025-07-28 21:07:08,242 [INFO] Weekly Steam library sync completed.
2025-07-28 21:11:58,230 [INFO] Saving 1 voice activity records to DB...
2025-07-28 22:13:19,911 [INFO] Voice state update detected for FreshPrinceofSP
2025-07-28 22:13:19,912 [INFO] FreshPrinceofSP joined voice channel General in Da Boyz
2025-07-28 22:16:58,238 [INFO] Saving 1 voice activity records to DB...
2025-07-28 22:16:58,242 [INFO] Created new user entry for FreshPrinceofSP during voice activity save.
2025-07-28 22:17:40,671 [INFO] Voice state update detected for Cole
2025-07-28 22:19:06,198 [INFO] Voice state update detected for Cole
2025-07-28 22:19:12,497 [INFO] Voice state update detected for Cole
2025-07-28 22:19:50,721 [INFO] Voice state update detected for Cole
2025-07-28 22:19:50,753 [INFO] Voice state update detected for FreshPrinceofSP
2025-07-28 22:20:14,071 [INFO] Voice state update detected for FreshPrinceofSP
2025-07-28 22:21:59,469 [INFO] Voice state update detected for FreshPrinceofSP
2025-07-28 22:22:49,235 [INFO] Voice state update detected for FreshPrinceofSP
2025-07-28 22:23:09,121 [INFO] Voice state update detected for FreshPrinceofSP
2025-07-28 22:23:25,828 [INFO] Voice state update detected for FreshPrinceofSP
2025-07-28 22:24:27,268 [INFO] Voice state update detected for FreshPrinceofSP
2025-07-28 22:24:45,246 [INFO] Voice state update detected for FreshPrinceofSP
2025-07-28 22:24:57,991 [INFO] Voice state update detected for FreshPrinceofSP
2025-07-28 22:25:25,846 [INFO] Voice state update detected for FreshPrinceofSP
2025-07-28 22:25:37,037 [INFO] Voice state update detected for FreshPrinceofSP
2025-07-28 22:26:54,459 [INFO] Voice state update detected for FreshPrinceofSP
2025-07-28 22:27:28,190 [INFO] Voice state update detected for FreshPrinceofSP
2025-07-28 22:30:57,315 [INFO] Voice state update detected for FreshPrinceofSP
2025-07-28 22:31:23,479 [INFO] Voice state update detected for FreshPrinceofSP
2025-07-28 22:32:22,900 [INFO] Steam API response status code: 200
2025-07-28 22:32:22,900 [INFO] Retrieved 24 games from Steam API for user 2 (Steam ID: 76561199225807108).
2025-07-28 22:32:24,197 [INFO] HTTP Request: POST https://id.twitch.tv/oauth2/token?client_id=pmvtze6lhfzufers4l3g8ek9esjcuy&client_secret=5uxxiz2b0fmluj44v4oszmfwy3id5m&grant_type=client_credentials "HTTP/1.1 200 OK"
2025-07-28 22:32:24,198 [INFO] Successfully obtained new IGDB access token.
2025-07-28 22:32:24,677 [INFO] HTTP Request: POST https://api.igdb.com/v4/external_games "HTTP/1.1 200 OK"
2025-07-28 22:32:25,098 [INFO] HTTP Request: POST https://api.igdb.com/v4/games "HTTP/1.1 200 OK"
2025-07-28 22:32:25,102 [INFO] Stored game ULTIMATE MARVEL VS. CAPCOM 3 (ID: 2066) for user 2.
2025-07-28 22:32:25,978 [INFO] HTTP Request: POST https://api.igdb.com/v4/external_games "HTTP/1.1 200 OK"
2025-07-28 22:32:26,497 [INFO] HTTP Request: POST https://api.igdb.com/v4/games "HTTP/1.1 200 OK"
2025-07-28 22:32:26,500 [INFO] Stored game Stardew Valley (ID: 17000) for user 2.
2025-07-28 22:32:27,253 [INFO] HTTP Request: POST https://api.igdb.com/v4/external_games "HTTP/1.1 200 OK"
2025-07-28 22:32:27,253 [WARNING] Could not translate Steam App ID 431960 for Wallpaper Engine to IGDB ID.
2025-07-28 22:32:27,691 [INFO] HTTP Request: POST https://api.igdb.com/v4/games "HTTP/1.1 200 OK"
2025-07-28 22:32:27,691 [WARNING] Could not resolve canonical IGDB ID for 'Wallpaper Engine'.
2025-07-28 22:32:27,691 [ERROR] Cannot add game 'Wallpaper Engine': No IGDB ID could be determined.
2025-07-28 22:32:27,692 [ERROR] Error storing game Wallpaper Engine for user 2: name 'name' is not defined
2025-07-28 22:32:28,611 [INFO] HTTP Request: POST https://api.igdb.com/v4/external_games "HTTP/1.1 200 OK"
2025-07-28 22:32:29,135 [INFO] HTTP Request: POST https://api.igdb.com/v4/games "HTTP/1.1 200 OK"
2025-07-28 22:32:29,138 [INFO] Stored game Deep Rock Galactic (ID: 27134) for user 2.
2025-07-28 22:32:30,064 [INFO] HTTP Request: POST https://api.igdb.com/v4/external_games "HTTP/1.1 200 OK"
2025-07-28 22:32:30,611 [INFO] HTTP Request: POST https://api.igdb.com/v4/games "HTTP/1.1 200 OK"
2025-07-28 22:32:30,613 [INFO] Stored game Injustice 2 (ID: 19470) for user 2.
2025-07-28 22:32:31,483 [INFO] HTTP Request: POST https://api.igdb.com/v4/external_games "HTTP/1.1 200 OK"
2025-07-28 22:32:31,919 [INFO] HTTP Request: POST https://api.igdb.com/v4/games "HTTP/1.1 200 OK"
2025-07-28 22:32:31,921 [INFO] Stored game Marvel vs. Capcom: Infinite (ID: 26197) for user 2.
2025-07-28 22:32:32,896 [INFO] HTTP Request: POST https://api.igdb.com/v4/external_games "HTTP/1.1 200 OK"
2025-07-28 22:32:33,430 [INFO] HTTP Request: POST https://api.igdb.com/v4/games "HTTP/1.1 200 OK"
2025-07-28 22:32:33,432 [INFO] Stored game DC Universe Online (ID: 576) for user 2.
2025-07-28 22:32:34,235 [INFO] HTTP Request: POST https://api.igdb.com/v4/external_games "HTTP/1.1 200 OK"
2025-07-28 22:32:34,656 [INFO] HTTP Request: POST https://api.igdb.com/v4/games "HTTP/1.1 200 OK"
2025-07-28 22:32:34,658 [INFO] Stored game Fall Guys (ID: 119313) for user 2.
2025-07-28 22:32:35,492 [INFO] HTTP Request: POST https://api.igdb.com/v4/external_games "HTTP/1.1 200 OK"
2025-07-28 22:32:36,020 [INFO] HTTP Request: POST https://api.igdb.com/v4/games "HTTP/1.1 200 OK"
2025-07-28 22:32:36,023 [INFO] Stored game Apex Legends (ID: 114795) for user 2.
2025-07-28 22:32:36,871 [INFO] HTTP Request: POST https://api.igdb.com/v4/external_games "HTTP/1.1 200 OK"
2025-07-28 22:32:37,279 [INFO] HTTP Request: POST https://api.igdb.com/v4/games "HTTP/1.1 200 OK"
2025-07-28 22:32:37,281 [INFO] Stored game Marvel's Avengers - The Definitive Edition (ID: 26950) for user 2.
2025-07-28 22:32:38,154 [INFO] HTTP Request: POST https://api.igdb.com/v4/external_games "HTTP/1.1 200 OK"
2025-07-28 22:32:38,690 [INFO] HTTP Request: POST https://api.igdb.com/v4/games "HTTP/1.1 200 OK"
2025-07-28 22:32:38,693 [INFO] Stored game SUPERVIVE (ID: 255078) for user 2.
2025-07-28 22:32:39,451 [INFO] HTTP Request: POST https://api.igdb.com/v4/external_games "HTTP/1.1 200 OK"
2025-07-28 22:32:39,978 [INFO] HTTP Request: POST https://api.igdb.com/v4/games "HTTP/1.1 200 OK"
2025-07-28 22:32:39,980 [INFO] Stored game Teenage Mutant Ninja Turtles: Shredder's Revenge (ID: 144465) for user 2.
2025-07-28 22:32:40,862 [INFO] HTTP Request: POST https://api.igdb.com/v4/external_games "HTTP/1.1 200 OK"
2025-07-28 22:32:41,304 [INFO] HTTP Request: POST https://api.igdb.com/v4/games "HTTP/1.1 200 OK"
2025-07-28 22:32:41,307 [INFO] Stored game OUTRIDERS (ID: 102058) for user 2.
2025-07-28 22:32:42,313 [INFO] HTTP Request: POST https://api.igdb.com/v4/external_games "HTTP/1.1 200 OK"
2025-07-28 22:32:42,733 [INFO] HTTP Request: POST https://api.igdb.com/v4/games "HTTP/1.1 200 OK"
2025-07-28 22:32:42,735 [INFO] Stored game Gotham Knights (ID: 136993) for user 2.
2025-07-28 22:32:43,680 [INFO] HTTP Request: POST https://api.igdb.com/v4/external_games "HTTP/1.1 200 OK"
2025-07-28 22:32:44,216 [INFO] HTTP Request: POST https://api.igdb.com/v4/games "HTTP/1.1 200 OK"
2025-07-28 22:32:44,219 [INFO] Stored game Teenage Mutant Ninja Turtles: The Cowabunga Collection (ID: 194206) for user 2.
2025-07-28 22:32:45,199 [INFO] HTTP Request: POST https://api.igdb.com/v4/external_games "HTTP/1.1 200 OK"
2025-07-28 22:32:45,750 [INFO] HTTP Request: POST https://api.igdb.com/v4/games "HTTP/1.1 200 OK"
2025-07-28 22:32:45,753 [INFO] Stored game Halo Infinite (ID: 103281) for user 2.
2025-07-28 22:32:46,510 [INFO] HTTP Request: POST https://api.igdb.com/v4/external_games "HTTP/1.1 200 OK"
2025-07-28 22:32:46,947 [INFO] HTTP Request: POST https://api.igdb.com/v4/games "HTTP/1.1 200 OK"
2025-07-28 22:32:46,950 [INFO] Stored game The First Descendant (ID: 208476) for user 2.
2025-07-28 22:32:47,860 [INFO] HTTP Request: POST https://api.igdb.com/v4/external_games "HTTP/1.1 200 OK"
2025-07-28 22:32:47,860 [WARNING] Could not translate Steam App ID 1938090 for Call of Duty to IGDB ID.
2025-07-28 22:32:48,287 [INFO] HTTP Request: POST https://api.igdb.com/v4/games "HTTP/1.1 200 OK"
2025-07-28 22:32:48,287 [WARNING] Could not resolve canonical IGDB ID for 'Call of Duty'.
2025-07-28 22:32:48,287 [ERROR] Cannot add game 'Call of Duty': No IGDB ID could be determined.
2025-07-28 22:32:48,288 [ERROR] Error storing game Call of Duty for user 2: name 'name' is not defined
2025-07-28 22:32:49,034 [INFO] HTTP Request: POST https://api.igdb.com/v4/external_games "HTTP/1.1 200 OK"
2025-07-28 22:32:49,434 [INFO] HTTP Request: POST https://api.igdb.com/v4/games "HTTP/1.1 200 OK"
2025-07-28 22:32:49,436 [INFO] Stored game Mecha BREAK (ID: 279526) for user 2.
2025-07-28 22:32:50,247 [INFO] HTTP Request: POST https://api.igdb.com/v4/external_games "HTTP/1.1 200 OK"
2025-07-28 22:32:50,655 [INFO] HTTP Request: POST https://api.igdb.com/v4/games "HTTP/1.1 200 OK"
2025-07-28 22:32:50,658 [INFO] Stored game RoboCop: Rogue City (ID: 154775) for user 2.
2025-07-28 22:32:51,483 [INFO] HTTP Request: POST https://api.igdb.com/v4/external_games "HTTP/1.1 200 OK"
2025-07-28 22:32:51,984 [INFO] HTTP Request: POST https://api.igdb.com/v4/games "HTTP/1.1 200 OK"
2025-07-28 22:32:51,986 [INFO] Stored game Disney Speedstorm (ID: 191402) for user 2.
2025-07-28 22:32:52,630 [INFO] Voice state update detected for Cole
2025-07-28 22:32:52,782 [INFO] HTTP Request: POST https://api.igdb.com/v4/external_games "HTTP/1.1 200 OK"
2025-07-28 22:32:53,304 [INFO] HTTP Request: POST https://api.igdb.com/v4/games "HTTP/1.1 200 OK"
2025-07-28 22:32:53,307 [INFO] Stored game Marvel Rivals (ID: 294041) for user 2.
2025-07-28 22:32:54,256 [INFO] HTTP Request: POST https://api.igdb.com/v4/external_games "HTTP/1.1 200 OK"
2025-07-28 22:32:54,699 [INFO] HTTP Request: POST https://api.igdb.com/v4/games "HTTP/1.1 200 OK"
2025-07-28 22:32:54,702 [INFO] Stored game Splitgate 2 (ID: 308978) for user 2.
2025-07-28 22:32:55,562 [INFO] HTTP Request: POST https://api.igdb.com/v4/external_games "HTTP/1.1 200 OK"
2025-07-28 22:32:55,976 [INFO] HTTP Request: POST https://api.igdb.com/v4/games "HTTP/1.1 200 OK"
2025-07-28 22:32:55,978 [INFO] Stored game Metal Slug: Awakening (ID: 175038) for user 2.
2025-07-28 22:32:55,982 [INFO] Successfully stored 24 games for user 2.
2025-07-28 22:32:56,132 [ERROR] Ignoring exception in command 'set_steam_id'
Traceback (most recent call last):
  File "C:\Users\ColeS\AppData\Local\Programs\Python\Python313\Lib\site-packages\discord\app_commands\commands.py", line 827, in _do_call
    return await self._callback(self.binding, interaction, **params)  # type: ignore
           ^^^^^^^^^^^^^^^^^^^^^^^^^^^^^^^^^^^^^^^^^^^^^^^^^^^^^^^^^
  File "C:\Users\ColeS\Documents\Python_Scripts\Game_Night\bot\cogs\utility_commands.py", line 161, in set_steam_id
    await interaction.response.defer(ephemeral=True)
  File "C:\Users\ColeS\AppData\Local\Programs\Python\Python313\Lib\site-packages\discord\interactions.py", line 639, in defer
    raise InteractionResponded(self._parent)
discord.errors.InteractionResponded: This interaction has already been responded to before

The above exception was the direct cause of the following exception:

Traceback (most recent call last):
  File "C:\Users\ColeS\AppData\Local\Programs\Python\Python313\Lib\site-packages\discord\app_commands\tree.py", line 1248, in _call
    await command._invoke_with_namespace(interaction, namespace)
  File "C:\Users\ColeS\AppData\Local\Programs\Python\Python313\Lib\site-packages\discord\app_commands\commands.py", line 853, in _invoke_with_namespace
    return await self._do_call(interaction, transformed_values)
           ^^^^^^^^^^^^^^^^^^^^^^^^^^^^^^^^^^^^^^^^^^^^^^^^^^^^
  File "C:\Users\ColeS\AppData\Local\Programs\Python\Python313\Lib\site-packages\discord\app_commands\commands.py", line 846, in _do_call
    raise CommandInvokeError(self, e) from e
discord.app_commands.errors.CommandInvokeError: Command 'set_steam_id' raised an exception: InteractionResponded: This interaction has already been responded to before
2025-07-28 22:33:34,373 [INFO] 127.0.0.1 - - [28/Jul/2025 22:33:34] "GET /library/454418626376630283?viewer_id=172231382758588417 HTTP/1.1" 200 -
2025-07-28 22:33:34,529 [INFO] 127.0.0.1 - - [28/Jul/2025 22:33:34] "GET /static/app.js HTTP/1.1" 200 -
2025-07-28 22:33:34,536 [INFO] 127.0.0.1 - - [28/Jul/2025 22:33:34] "GET /static/style.css HTTP/1.1" 200 -
2025-07-28 22:33:34,709 [INFO] 127.0.0.1 - - [28/Jul/2025 22:33:34] "GET /api/users HTTP/1.1" 200 -
2025-07-28 22:33:34,715 [INFO] 127.0.0.1 - - [28/Jul/2025 22:33:34] "[33mGET /favicon.ico HTTP/1.1[0m" 404 -
2025-07-28 22:33:34,717 [INFO] Attempting to fetch games for single user: FreshPrinceofSP (Discord ID: 454418626376630283)
2025-07-28 22:33:34,717 [INFO] Retrieved 22 game ownership records for user FreshPrinceofSP.
2025-07-28 22:33:34,724 [INFO] 127.0.0.1 - - [28/Jul/2025 22:33:34] "GET /api/games?user_ids=454418626376630283 HTTP/1.1" 200 -
2025-07-28 22:33:38,907 [INFO] Attempting to fetch common games for users: FreshPrinceofSP, Cole
2025-07-28 22:33:38,954 [INFO] 127.0.0.1 - - [28/Jul/2025 22:33:38] "[35m[1mGET /api/games?user_ids=454418626376630283,172231382758588417 HTTP/1.1[0m" 500 -
2025-07-28 22:33:47,511 [INFO] 127.0.0.1 - - [28/Jul/2025 22:33:47] "GET /library/454418626376630283?viewer_id=172231382758588417 HTTP/1.1" 200 -
2025-07-28 22:33:47,589 [INFO] 127.0.0.1 - - [28/Jul/2025 22:33:47] "[36mGET /static/style.css HTTP/1.1[0m" 304 -
2025-07-28 22:33:47,590 [INFO] 127.0.0.1 - - [28/Jul/2025 22:33:47] "[36mGET /static/app.js HTTP/1.1[0m" 304 -
2025-07-28 22:33:47,662 [INFO] 127.0.0.1 - - [28/Jul/2025 22:33:47] "GET /api/users HTTP/1.1" 200 -
2025-07-28 22:33:47,663 [INFO] Attempting to fetch games for single user: FreshPrinceofSP (Discord ID: 454418626376630283)
2025-07-28 22:33:47,663 [INFO] Retrieved 22 game ownership records for user FreshPrinceofSP.
2025-07-28 22:33:47,671 [INFO] 127.0.0.1 - - [28/Jul/2025 22:33:47] "GET /api/games?user_ids=454418626376630283 HTTP/1.1" 200 -
2025-07-28 22:34:05,616 [INFO] 127.0.0.1 - - [28/Jul/2025 22:34:05] "GET /library/454418626376630283?viewer_id=172231382758588417 HTTP/1.1" 200 -
2025-07-28 22:34:05,729 [INFO] 127.0.0.1 - - [28/Jul/2025 22:34:05] "GET /static/style.css HTTP/1.1" 200 -
2025-07-28 22:34:05,732 [INFO] 127.0.0.1 - - [28/Jul/2025 22:34:05] "GET /static/app.js HTTP/1.1" 200 -
2025-07-28 22:34:05,858 [INFO] Attempting to fetch games for single user: FreshPrinceofSP (Discord ID: 454418626376630283)
2025-07-28 22:34:05,859 [INFO] 127.0.0.1 - - [28/Jul/2025 22:34:05] "GET /api/users HTTP/1.1" 200 -
2025-07-28 22:34:05,859 [INFO] Retrieved 22 game ownership records for user FreshPrinceofSP.
2025-07-28 22:34:05,866 [INFO] 127.0.0.1 - - [28/Jul/2025 22:34:05] "GET /api/games?user_ids=454418626376630283 HTTP/1.1" 200 -
2025-07-28 22:34:05,883 [INFO] 127.0.0.1 - - [28/Jul/2025 22:34:05] "[33mGET /favicon.ico HTTP/1.1[0m" 404 -
2025-07-28 22:34:43,813 [INFO] Attempting to fetch common games for users: FreshPrinceofSP, Cole
2025-07-28 22:34:43,828 [INFO] 127.0.0.1 - - [28/Jul/2025 22:34:43] "[35m[1mGET /api/games?user_ids=454418626376630283,172231382758588417 HTTP/1.1[0m" 500 -
2025-07-28 22:35:04,634 [INFO] Attempting to fetch games for single user: Cole (Discord ID: 172231382758588417)
2025-07-28 22:35:04,640 [INFO] Retrieved 1045 game ownership records for user Cole.
2025-07-28 22:35:04,951 [INFO] 127.0.0.1 - - [28/Jul/2025 22:35:04] "GET /api/games?user_ids=172231382758588417 HTTP/1.1" 200 -
2025-07-28 22:35:05,727 [INFO] 127.0.0.1 - - [28/Jul/2025 22:35:05] "GET /static/images/xbox.svg HTTP/1.1" 200 -
2025-07-28 22:35:06,263 [INFO] 127.0.0.1 - - [28/Jul/2025 22:35:06] "GET /api/placeholder/Soulstice HTTP/1.1" 200 -
2025-07-28 22:35:08,712 [INFO] Attempting to fetch common games for users: Cole, FreshPrinceofSP
2025-07-28 22:35:08,736 [INFO] 127.0.0.1 - - [28/Jul/2025 22:35:08] "[35m[1mGET /api/games?user_ids=172231382758588417,454418626376630283 HTTP/1.1[0m" 500 -
2025-07-28 22:35:13,979 [INFO] Attempting to fetch games for single user: Cole (Discord ID: 172231382758588417)
2025-07-28 22:35:13,991 [INFO] Retrieved 1045 game ownership records for user Cole.
2025-07-28 22:35:14,451 [INFO] 127.0.0.1 - - [28/Jul/2025 22:35:14] "GET /api/games?user_ids=172231382758588417 HTTP/1.1" 200 -
2025-07-28 22:35:32,102 [INFO] Voice state update detected for Cole
2025-07-28 22:37:13,836 [INFO] HTTP Request: POST https://api.igdb.com/v4/games "HTTP/1.1 200 OK"
2025-07-28 22:37:15,227 [INFO] HTTP Request: POST https://api.igdb.com/v4/games "HTTP/1.1 200 OK"
2025-07-28 22:38:15,970 [INFO] HTTP Request: POST https://api.igdb.com/v4/games "HTTP/1.1 200 OK"
2025-07-28 22:38:41,655 [INFO] HTTP Request: POST https://api.igdb.com/v4/games "HTTP/1.1 200 OK"
2025-07-28 22:39:32,301 [INFO] HTTP Request: POST https://api.igdb.com/v4/games "HTTP/1.1 200 OK"
2025-07-28 22:39:44,279 [INFO] HTTP Request: POST https://api.igdb.com/v4/games "HTTP/1.1 200 OK"
2025-07-28 22:39:45,528 [INFO] HTTP Request: POST https://api.igdb.com/v4/games "HTTP/1.1 200 OK"
2025-07-28 22:39:45,674 [INFO] HTTP Request: POST https://api.igdb.com/v4/games "HTTP/1.1 200 OK"
2025-07-28 22:39:46,950 [INFO] HTTP Request: POST https://api.igdb.com/v4/games "HTTP/1.1 200 OK"
2025-07-28 22:39:51,077 [INFO] HTTP Request: POST https://api.igdb.com/v4/games "HTTP/1.1 200 OK"
2025-07-28 22:39:55,362 [INFO] HTTP Request: POST https://api.igdb.com/v4/games "HTTP/1.1 200 OK"
2025-07-28 22:40:12,833 [INFO] HTTP Request: POST https://api.igdb.com/v4/games "HTTP/1.1 200 OK"
2025-07-28 22:40:19,103 [INFO] HTTP Request: POST https://api.igdb.com/v4/games "HTTP/1.1 200 OK"
2025-07-28 22:40:19,492 [INFO] HTTP Request: POST https://api.igdb.com/v4/games "HTTP/1.1 200 OK"
2025-07-28 22:40:20,019 [INFO] HTTP Request: POST https://api.igdb.com/v4/games "HTTP/1.1 200 OK"
2025-07-28 22:40:20,434 [INFO] HTTP Request: POST https://api.igdb.com/v4/games "HTTP/1.1 200 OK"
2025-07-28 22:40:20,863 [INFO] HTTP Request: POST https://api.igdb.com/v4/games "HTTP/1.1 200 OK"
2025-07-28 22:40:21,253 [INFO] HTTP Request: POST https://api.igdb.com/v4/games "HTTP/1.1 200 OK"
2025-07-28 22:40:21,666 [INFO] HTTP Request: POST https://api.igdb.com/v4/games "HTTP/1.1 200 OK"
2025-07-28 22:40:22,093 [INFO] HTTP Request: POST https://api.igdb.com/v4/games "HTTP/1.1 200 OK"
2025-07-28 22:40:22,485 [INFO] HTTP Request: POST https://api.igdb.com/v4/games "HTTP/1.1 200 OK"
2025-07-28 22:40:23,066 [INFO] HTTP Request: POST https://api.igdb.com/v4/games "HTTP/1.1 200 OK"
2025-07-28 22:40:44,185 [INFO] HTTP Request: POST https://api.igdb.com/v4/games "HTTP/1.1 200 OK"
2025-07-28 22:41:06,721 [INFO] HTTP Request: POST https://api.igdb.com/v4/games "HTTP/1.1 200 OK"
2025-07-28 22:41:21,550 [INFO] HTTP Request: POST https://api.igdb.com/v4/games "HTTP/1.1 200 OK"
2025-07-28 22:41:31,224 [INFO] HTTP Request: POST https://api.igdb.com/v4/games "HTTP/1.1 200 OK"
2025-07-28 22:41:31,407 [INFO] HTTP Request: POST https://api.igdb.com/v4/games "HTTP/1.1 200 OK"
2025-07-28 22:41:51,608 [INFO] HTTP Request: POST https://api.igdb.com/v4/games "HTTP/1.1 200 OK"
2025-07-28 22:41:55,591 [INFO] HTTP Request: POST https://api.igdb.com/v4/games "HTTP/1.1 200 OK"
2025-07-28 22:41:56,063 [INFO] HTTP Request: POST https://api.igdb.com/v4/games "HTTP/1.1 200 OK"
2025-07-28 22:41:56,483 [INFO] HTTP Request: POST https://api.igdb.com/v4/games "HTTP/1.1 200 OK"
2025-07-28 22:41:56,934 [INFO] HTTP Request: POST https://api.igdb.com/v4/games "HTTP/1.1 200 OK"
2025-07-28 22:41:57,438 [INFO] HTTP Request: POST https://api.igdb.com/v4/games "HTTP/1.1 200 OK"
2025-07-28 22:41:57,887 [INFO] HTTP Request: POST https://api.igdb.com/v4/games "HTTP/1.1 200 OK"
2025-07-28 22:41:58,477 [INFO] HTTP Request: POST https://api.igdb.com/v4/games "HTTP/1.1 200 OK"
2025-07-28 22:41:59,042 [INFO] HTTP Request: POST https://api.igdb.com/v4/games "HTTP/1.1 200 OK"
2025-07-28 22:41:59,622 [INFO] HTTP Request: POST https://api.igdb.com/v4/games "HTTP/1.1 200 OK"
2025-07-28 22:42:00,053 [INFO] HTTP Request: POST https://api.igdb.com/v4/games "HTTP/1.1 200 OK"
2025-07-28 22:42:18,508 [INFO] HTTP Request: POST https://api.igdb.com/v4/games "HTTP/1.1 200 OK"
2025-07-28 22:42:18,650 [INFO] HTTP Request: POST https://api.igdb.com/v4/games "HTTP/1.1 200 OK"
2025-07-28 22:42:19,245 [INFO] HTTP Request: POST https://api.igdb.com/v4/games "HTTP/1.1 200 OK"
2025-07-28 22:42:22,901 [INFO] HTTP Request: POST https://api.igdb.com/v4/games "HTTP/1.1 200 OK"
2025-07-28 22:42:38,502 [INFO] HTTP Request: POST https://api.igdb.com/v4/games "HTTP/1.1 200 OK"
2025-07-28 22:42:50,810 [INFO] HTTP Request: POST https://api.igdb.com/v4/games "HTTP/1.1 200 OK"
2025-07-28 22:42:51,755 [INFO] HTTP Request: POST https://api.igdb.com/v4/games "HTTP/1.1 200 OK"
2025-07-28 22:43:05,189 [INFO] HTTP Request: POST https://api.igdb.com/v4/games "HTTP/1.1 200 OK"
2025-07-28 22:43:20,629 [INFO]  * Detected change in 'C:\\Users\\ColeS\\Documents\\Python_Scripts\\Game_Night\\web\\web_api.py', reloading
2025-07-28 22:43:20,679 [INFO]  * Restarting with stat
2025-07-28 22:43:37,001 [INFO] HTTP Request: POST https://api.igdb.com/v4/games "HTTP/1.1 200 OK"
2025-07-28 22:43:41,020 [INFO] HTTP Request: POST https://api.igdb.com/v4/games "HTTP/1.1 200 OK"
2025-07-28 22:43:41,453 [INFO] HTTP Request: POST https://api.igdb.com/v4/games "HTTP/1.1 200 OK"
2025-07-28 22:43:41,925 [INFO] HTTP Request: POST https://api.igdb.com/v4/games "HTTP/1.1 200 OK"
2025-07-28 22:43:42,442 [INFO] HTTP Request: POST https://api.igdb.com/v4/games "HTTP/1.1 200 OK"
2025-07-28 22:43:42,943 [INFO] HTTP Request: POST https://api.igdb.com/v4/games "HTTP/1.1 200 OK"
2025-07-28 22:43:43,470 [INFO] HTTP Request: POST https://api.igdb.com/v4/games "HTTP/1.1 200 OK"
2025-07-28 22:43:43,872 [INFO] HTTP Request: POST https://api.igdb.com/v4/games "HTTP/1.1 200 OK"
2025-07-28 22:43:44,287 [INFO] HTTP Request: POST https://api.igdb.com/v4/games "HTTP/1.1 200 OK"
2025-07-28 22:43:44,856 [INFO] HTTP Request: POST https://api.igdb.com/v4/games "HTTP/1.1 200 OK"
2025-07-28 22:43:45,258 [INFO] HTTP Request: POST https://api.igdb.com/v4/games "HTTP/1.1 200 OK"
2025-07-28 22:44:03,548 [INFO] HTTP Request: POST https://api.igdb.com/v4/games "HTTP/1.1 200 OK"
2025-07-28 22:44:13,845 [INFO] HTTP Request: POST https://api.igdb.com/v4/games "HTTP/1.1 200 OK"
2025-07-28 22:44:23,510 [INFO] HTTP Request: POST https://api.igdb.com/v4/games "HTTP/1.1 200 OK"
2025-07-28 22:44:29,789 [INFO] HTTP Request: POST https://api.igdb.com/v4/games "HTTP/1.1 200 OK"
2025-07-28 22:44:32,785 [INFO] HTTP Request: POST https://api.igdb.com/v4/games "HTTP/1.1 200 OK"
2025-07-28 22:44:33,520 [INFO] HTTP Request: POST https://api.igdb.com/v4/games "HTTP/1.1 200 OK"
2025-07-28 22:44:55,687 [INFO] HTTP Request: POST https://api.igdb.com/v4/games "HTTP/1.1 200 OK"
2025-07-28 22:45:04,644 [INFO] HTTP Request: POST https://api.igdb.com/v4/games "HTTP/1.1 200 OK"
2025-07-28 22:45:30,174 [INFO] HTTP Request: POST https://api.igdb.com/v4/games "HTTP/1.1 200 OK"
2025-07-28 22:45:34,522 [INFO] HTTP Request: POST https://api.igdb.com/v4/games "HTTP/1.1 200 OK"
2025-07-28 22:45:34,922 [INFO] HTTP Request: POST https://api.igdb.com/v4/games "HTTP/1.1 200 OK"
2025-07-28 22:45:35,446 [INFO] HTTP Request: POST https://api.igdb.com/v4/games "HTTP/1.1 200 OK"
2025-07-28 22:45:35,970 [INFO] HTTP Request: POST https://api.igdb.com/v4/games "HTTP/1.1 200 OK"
2025-07-28 22:45:36,485 [INFO] HTTP Request: POST https://api.igdb.com/v4/games "HTTP/1.1 200 OK"
2025-07-28 22:45:37,020 [INFO] HTTP Request: POST https://api.igdb.com/v4/games "HTTP/1.1 200 OK"
2025-07-28 22:45:37,443 [INFO] HTTP Request: POST https://api.igdb.com/v4/games "HTTP/1.1 200 OK"
2025-07-28 22:45:37,846 [INFO] HTTP Request: POST https://api.igdb.com/v4/games "HTTP/1.1 200 OK"
2025-07-28 22:45:38,262 [INFO] HTTP Request: POST https://api.igdb.com/v4/games "HTTP/1.1 200 OK"
2025-07-28 22:45:38,806 [INFO] HTTP Request: POST https://api.igdb.com/v4/games "HTTP/1.1 200 OK"
2025-07-28 22:50:08,967 [ERROR] Ignoring exception in command 'help'
Traceback (most recent call last):
  File "C:\Users\ColeS\AppData\Local\Programs\Python\Python313\Lib\site-packages\discord\app_commands\commands.py", line 827, in _do_call
    return await self._callback(self.binding, interaction, **params)  # type: ignore
           ^^^^^^^^^^^^^^^^^^^^^^^^^^^^^^^^^^^^^^^^^^^^^^^^^^^^^^^^^
  File "C:\Users\ColeS\Documents\Python_Scripts\Game_Night\bot\cogs\utility_commands.py", line 291, in help
    await interaction.followup.send(embed=embed, ephemeral=True)
  File "C:\Users\ColeS\AppData\Local\Programs\Python\Python313\Lib\site-packages\discord\webhook\async_.py", line 1805, in send
    data = await adapter.execute_webhook(
           ^^^^^^^^^^^^^^^^^^^^^^^^^^^^^^
    ...<10 lines>...
    )
    ^
  File "C:\Users\ColeS\AppData\Local\Programs\Python\Python313\Lib\site-packages\discord\webhook\async_.py", line 221, in request
    raise HTTPException(response, data)
discord.errors.HTTPException: 400 Bad Request (error code: 50035): Invalid Form Body
In embeds.0.fields.0.value: Must be 1024 or fewer in length.

The above exception was the direct cause of the following exception:

Traceback (most recent call last):
  File "C:\Users\ColeS\AppData\Local\Programs\Python\Python313\Lib\site-packages\discord\app_commands\tree.py", line 1248, in _call
    await command._invoke_with_namespace(interaction, namespace)
  File "C:\Users\ColeS\AppData\Local\Programs\Python\Python313\Lib\site-packages\discord\app_commands\commands.py", line 853, in _invoke_with_namespace
    return await self._do_call(interaction, transformed_values)
           ^^^^^^^^^^^^^^^^^^^^^^^^^^^^^^^^^^^^^^^^^^^^^^^^^^^^
  File "C:\Users\ColeS\AppData\Local\Programs\Python\Python313\Lib\site-packages\discord\app_commands\commands.py", line 846, in _do_call
    raise CommandInvokeError(self, e) from e
discord.app_commands.errors.CommandInvokeError: Command 'help' raised an exception: HTTPException: 400 Bad Request (error code: 50035): Invalid Form Body
In embeds.0.fields.0.value: Must be 1024 or fewer in length.
2025-07-28 22:57:15,232 [ERROR] Ignoring exception in command 'help'
Traceback (most recent call last):
  File "C:\Users\ColeS\AppData\Local\Programs\Python\Python313\Lib\site-packages\discord\app_commands\commands.py", line 827, in _do_call
    return await self._callback(self.binding, interaction, **params)  # type: ignore
           ^^^^^^^^^^^^^^^^^^^^^^^^^^^^^^^^^^^^^^^^^^^^^^^^^^^^^^^^^
  File "C:\Users\ColeS\Documents\Python_Scripts\Game_Night\bot\cogs\utility_commands.py", line 291, in help
    else:
  File "C:\Users\ColeS\AppData\Local\Programs\Python\Python313\Lib\site-packages\discord\webhook\async_.py", line 1805, in send
    data = await adapter.execute_webhook(
           ^^^^^^^^^^^^^^^^^^^^^^^^^^^^^^
    ...<10 lines>...
    )
    ^
  File "C:\Users\ColeS\AppData\Local\Programs\Python\Python313\Lib\site-packages\discord\webhook\async_.py", line 221, in request
    raise HTTPException(response, data)
discord.errors.HTTPException: 400 Bad Request (error code: 50035): Invalid Form Body
In embeds.0.fields.0.value: Must be 1024 or fewer in length.

The above exception was the direct cause of the following exception:

Traceback (most recent call last):
  File "C:\Users\ColeS\AppData\Local\Programs\Python\Python313\Lib\site-packages\discord\app_commands\tree.py", line 1248, in _call
    await command._invoke_with_namespace(interaction, namespace)
  File "C:\Users\ColeS\AppData\Local\Programs\Python\Python313\Lib\site-packages\discord\app_commands\commands.py", line 853, in _invoke_with_namespace
    return await self._do_call(interaction, transformed_values)
           ^^^^^^^^^^^^^^^^^^^^^^^^^^^^^^^^^^^^^^^^^^^^^^^^^^^^
  File "C:\Users\ColeS\AppData\Local\Programs\Python\Python313\Lib\site-packages\discord\app_commands\commands.py", line 846, in _do_call
    raise CommandInvokeError(self, e) from e
discord.app_commands.errors.CommandInvokeError: Command 'help' raised an exception: HTTPException: 400 Bad Request (error code: 50035): Invalid Form Body
In embeds.0.fields.0.value: Must be 1024 or fewer in length.
2025-07-28 23:03:02,448 [ERROR] Ignoring exception in command 'help'
Traceback (most recent call last):
  File "C:\Users\ColeS\AppData\Local\Programs\Python\Python313\Lib\site-packages\discord\app_commands\commands.py", line 827, in _do_call
    return await self._callback(self.binding, interaction, **params)  # type: ignore
           ^^^^^^^^^^^^^^^^^^^^^^^^^^^^^^^^^^^^^^^^^^^^^^^^^^^^^^^^^
  File "C:\Users\ColeS\Documents\Python_Scripts\Game_Night\bot\cogs\utility_commands.py", line 291, in help
    f"Your weekly availability has been set to: **{display_message}**.", ephemeral=True
    ^^^^^^^^^^^^^^^^^^^^^^^^^^^^^^^^^^^^^^^^^^^^^^^^^^^^^^^^
  File "C:\Users\ColeS\AppData\Local\Programs\Python\Python313\Lib\site-packages\discord\webhook\async_.py", line 1805, in send
    data = await adapter.execute_webhook(
           ^^^^^^^^^^^^^^^^^^^^^^^^^^^^^^
    ...<10 lines>...
    )
    ^
  File "C:\Users\ColeS\AppData\Local\Programs\Python\Python313\Lib\site-packages\discord\webhook\async_.py", line 221, in request
    raise HTTPException(response, data)
discord.errors.HTTPException: 400 Bad Request (error code: 50035): Invalid Form Body
In embeds.0.fields.0.value: Must be 1024 or fewer in length.

The above exception was the direct cause of the following exception:

Traceback (most recent call last):
  File "C:\Users\ColeS\AppData\Local\Programs\Python\Python313\Lib\site-packages\discord\app_commands\tree.py", line 1248, in _call
    await command._invoke_with_namespace(interaction, namespace)
  File "C:\Users\ColeS\AppData\Local\Programs\Python\Python313\Lib\site-packages\discord\app_commands\commands.py", line 853, in _invoke_with_namespace
    return await self._do_call(interaction, transformed_values)
           ^^^^^^^^^^^^^^^^^^^^^^^^^^^^^^^^^^^^^^^^^^^^^^^^^^^^
  File "C:\Users\ColeS\AppData\Local\Programs\Python\Python313\Lib\site-packages\discord\app_commands\commands.py", line 846, in _do_call
    raise CommandInvokeError(self, e) from e
discord.app_commands.errors.CommandInvokeError: Command 'help' raised an exception: HTTPException: 400 Bad Request (error code: 50035): Invalid Form Body
In embeds.0.fields.0.value: Must be 1024 or fewer in length.
2025-07-28 23:08:05,728 [ERROR] Ignoring exception in command 'help'
Traceback (most recent call last):
  File "C:\Users\ColeS\AppData\Local\Programs\Python\Python313\Lib\site-packages\discord\app_commands\commands.py", line 827, in _do_call
    return await self._callback(self.binding, interaction, **params)  # type: ignore
           ^^^^^^^^^^^^^^^^^^^^^^^^^^^^^^^^^^^^^^^^^^^^^^^^^^^^^^^^^
  File "C:\Users\ColeS\Documents\Python_Scripts\Game_Night\bot\cogs\utility_commands.py", line 291, in help
    @app_commands.describe(has_game_pass="True if you have Game Pass, False otherwise.")
        ^^^^^^^^^^^^^^^^^^^^^^^^^^^^^^^^^^^^^^^^^^^^^^^^^^^^^^^^^^^^
  File "C:\Users\ColeS\AppData\Local\Programs\Python\Python313\Lib\site-packages\discord\webhook\async_.py", line 1805, in send
    data = await adapter.execute_webhook(
           ^^^^^^^^^^^^^^^^^^^^^^^^^^^^^^
    ...<10 lines>...
    )
    ^
  File "C:\Users\ColeS\AppData\Local\Programs\Python\Python313\Lib\site-packages\discord\webhook\async_.py", line 221, in request
    raise HTTPException(response, data)
discord.errors.HTTPException: 400 Bad Request (error code: 50035): Invalid Form Body
In embeds.0.fields.0.value: Must be 1024 or fewer in length.

The above exception was the direct cause of the following exception:

Traceback (most recent call last):
  File "C:\Users\ColeS\AppData\Local\Programs\Python\Python313\Lib\site-packages\discord\app_commands\tree.py", line 1248, in _call
    await command._invoke_with_namespace(interaction, namespace)
  File "C:\Users\ColeS\AppData\Local\Programs\Python\Python313\Lib\site-packages\discord\app_commands\commands.py", line 853, in _invoke_with_namespace
    return await self._do_call(interaction, transformed_values)
           ^^^^^^^^^^^^^^^^^^^^^^^^^^^^^^^^^^^^^^^^^^^^^^^^^^^^
  File "C:\Users\ColeS\AppData\Local\Programs\Python\Python313\Lib\site-packages\discord\app_commands\commands.py", line 846, in _do_call
    raise CommandInvokeError(self, e) from e
discord.app_commands.errors.CommandInvokeError: Command 'help' raised an exception: HTTPException: 400 Bad Request (error code: 50035): Invalid Form Body
In embeds.0.fields.0.value: Must be 1024 or fewer in length.
2025-07-28 23:09:19,590 [ERROR] Ignoring exception in command 'help'
Traceback (most recent call last):
  File "C:\Users\ColeS\AppData\Local\Programs\Python\Python313\Lib\site-packages\discord\app_commands\commands.py", line 827, in _do_call
    return await self._callback(self.binding, interaction, **params)  # type: ignore
           ^^^^^^^^^^^^^^^^^^^^^^^^^^^^^^^^^^^^^^^^^^^^^^^^^^^^^^^^^
  File "C:\Users\ColeS\Documents\Python_Scripts\Game_Night\bot\cogs\utility_commands.py", line 291, in help
    @app_commands.describe(has_game_pass="True if you have Game Pass, False otherwise.")
        ^^^^^^^^^^^^^^^^^^^^^^^^^^^^^^^^^^^^^^^^^^^^^^^^^^^^^^^^^^^^
  File "C:\Users\ColeS\AppData\Local\Programs\Python\Python313\Lib\site-packages\discord\webhook\async_.py", line 1805, in send
    data = await adapter.execute_webhook(
           ^^^^^^^^^^^^^^^^^^^^^^^^^^^^^^
    ...<10 lines>...
    )
    ^
  File "C:\Users\ColeS\AppData\Local\Programs\Python\Python313\Lib\site-packages\discord\webhook\async_.py", line 221, in request
    raise HTTPException(response, data)
discord.errors.HTTPException: 400 Bad Request (error code: 50035): Invalid Form Body
In embeds.0.fields.0.value: Must be 1024 or fewer in length.

The above exception was the direct cause of the following exception:

Traceback (most recent call last):
  File "C:\Users\ColeS\AppData\Local\Programs\Python\Python313\Lib\site-packages\discord\app_commands\tree.py", line 1248, in _call
    await command._invoke_with_namespace(interaction, namespace)
  File "C:\Users\ColeS\AppData\Local\Programs\Python\Python313\Lib\site-packages\discord\app_commands\commands.py", line 853, in _invoke_with_namespace
    return await self._do_call(interaction, transformed_values)
           ^^^^^^^^^^^^^^^^^^^^^^^^^^^^^^^^^^^^^^^^^^^^^^^^^^^^
  File "C:\Users\ColeS\AppData\Local\Programs\Python\Python313\Lib\site-packages\discord\app_commands\commands.py", line 846, in _do_call
    raise CommandInvokeError(self, e) from e
discord.app_commands.errors.CommandInvokeError: Command 'help' raised an exception: HTTPException: 400 Bad Request (error code: 50035): Invalid Form Body
In embeds.0.fields.0.value: Must be 1024 or fewer in length.
2025-07-28 23:10:07,330 [INFO] [31m[1mWARNING: This is a development server. Do not use it in a production deployment. Use a production WSGI server instead.[0m
 * Running on all addresses (0.0.0.0)
 * Running on http://127.0.0.1:5001
 * Running on http://192.168.1.197:5001
2025-07-28 23:10:07,330 [INFO] [33mPress CTRL+C to quit[0m
2025-07-28 23:10:07,331 [INFO]  * Restarting with stat
2025-07-28 23:10:07,453 [INFO] BASE_URL set to: https://c2a6ec4cd901.ngrok-free.app
2025-07-28 23:10:07,465 [INFO] Applied migration: 001_add_metacritic_to_game.py
2025-07-28 23:10:07,466 [INFO] Applied migration: 002_add_xbox_and_igdb_fields.py
2025-07-28 23:10:07,466 [INFO] Applied migration: 003_add_microsoft_store_id_to_gamepassgame.py
2025-07-28 23:10:07,467 [INFO] Applied migration: 004_add_voice_notifications_to_user.py
2025-07-28 23:10:07,467 [INFO] Database initialized using Peewee models.
2025-07-28 23:10:07,471 [INFO] Game Pass catalog already populated.
2025-07-28 23:10:07,475 [INFO] logging in using static token
2025-07-28 23:10:07,475 [WARNING] Privileged message content intent is missing, commands may not work as expected.
2025-07-28 23:10:07,725 [WARNING]  * Debugger is active!
2025-07-28 23:10:07,730 [INFO]  * Debugger PIN: 137-579-239
2025-07-28 23:10:10,603 [INFO] Loaded cog: automation_tasks
2025-07-28 23:10:10,605 [INFO] Loaded cog: game_commands
2025-07-28 23:10:10,638 [INFO] Loaded cog: game_night_commands
2025-07-28 23:10:10,645 [INFO] Loaded cog: utility_commands
2025-07-28 23:10:10,646 [INFO] Loaded cog: voice_activity
2025-07-28 23:10:11,215 [INFO] Shard ID None has connected to Gateway (Session ID: c913bc178202bac9599ba2ee52bdd506).
2025-07-28 23:10:13,227 [INFO] Waiting for bot to be ready for Xbox achievement sync...
2025-07-28 23:10:13,227 [INFO] Waiting for bot to be ready for daily Game Pass sync...
2025-07-28 23:10:13,227 [INFO] Waiting for bot to be ready for weekly Steam sync...
2025-07-28 23:10:13,228 [INFO] Waiting for bot to be ready before starting voice activity save loop.
2025-07-28 23:10:13,228 [INFO] Logged in as Game Night#3086 (ID: 1388686637797736669)
2025-07-28 23:10:13,228 [INFO] Commands synced to guild 1045175103249449000
2025-07-28 23:10:13,228 [INFO] ------
2025-07-28 23:10:13,232 [INFO] Adding job tentatively -- it will be properly scheduled when the scheduler starts
2025-07-28 23:10:13,232 [INFO] Starting weekly Xbox achievement sync...
2025-07-28 23:10:13,233 [INFO] Xbox achievement sync completed.
2025-07-28 23:10:23,232 [INFO] Daily Game Pass sync task started.
2025-07-28 23:10:23,233 [INFO] No users have Game Pass enabled. Skipping daily sync.
2025-07-28 23:10:23,233 [INFO] Starting weekly Steam library sync...
2025-07-28 23:10:23,233 [INFO] Starting fetch_and_store_games_for_all_users...
2025-07-28 23:10:23,233 [INFO] User Cole (Discord ID: 172231382758588417) does not have a Steam ID set.
2025-07-28 23:10:23,234 [INFO] User FreshPrinceofSP (Discord ID: 454418626376630283) does not have a Steam ID set.
2025-07-28 23:10:23,234 [INFO] Weekly Steam library sync completed.
2025-07-28 23:10:50,499 [INFO]  * Detected change in 'C:\\Users\\ColeS\\Documents\\Python_Scripts\\Game_Night\\bot\\cogs\\utility_commands.py', reloading
2025-07-28 23:10:50,538 [INFO]  * Restarting with stat
2025-07-28 23:10:50,929 [WARNING]  * Debugger is active!
2025-07-28 23:10:50,934 [INFO]  * Debugger PIN: 137-579-239
2025-07-28 23:10:59,274 [INFO]  * Detected change in 'C:\\Users\\ColeS\\Documents\\Python_Scripts\\Game_Night\\bot\\cogs\\utility_commands.py', reloading
2025-07-28 23:10:59,307 [INFO]  * Restarting with stat
2025-07-28 23:10:59,709 [WARNING]  * Debugger is active!
2025-07-28 23:10:59,714 [INFO]  * Debugger PIN: 137-579-239
